13 [139620697786240] INFO perfrun.launcher <> - Launcher main begin
16 [139620697786240] INFO perfrun.launcher <> - MessageCatalogInit finished
16 [139620697786240] INFO perfrun.launcher <> - Launcher instance created
16 [139620697786240] INFO perfrun.launcher <> - argc = 7; cmdline = /chpc/software/intel/2019-update3/vtune_amplifier_2019.3.0.591499/bin64/amplxe-runss --ui-output-format xml --ui-output-fd 10 --option-file /chpc/users/SPWang/oEFEP90/oEFEP90/src/16_metis_result.has4/config/runss.options.10 
52 [139620697786240] INFO perfrun.launcher <> - plugin remoteplug has been added successfully
52 [139620697786240] INFO perfrun.launcher <> - plugin system has been added successfully
52 [139620697786240] INFO perfrun.launcher <> - plugin itt has been added successfully
52 [139620697786240] INFO perfrun.launcher <> - plugin ptracecollector has been added successfully
52 [139620697786240] INFO perfrun.launcher <> - plugin gpu has been added successfully
52 [139620697786240] INFO perfrun.launcher <> - plugin  has been added successfully
52 [139620697786240] INFO perfrun.launcher <> - plugin  has been added successfully
52 [139620697786240] INFO perfrun.launcher <> - plugin  has been added successfully
52 [139620697786240] INFO perfrun.launcher <> - plugin mrte has been added successfully
52 [139620697786240] INFO perfrun.launcher <> - plugin emon has been added successfully
52 [139620697786240] INFO perfrun.launcher <> - plugin cuscol has been added successfully
53 [139620697786240] INFO perfrun.launcher <> - plugin stdsrc has been added successfully
53 [139620697786240] INFO perfrun.launcher <> - plugin sep has been added successfully
53 [139620697786240] INFO perfrun.launcher <> - plugin vtsspp has been added successfully
53 [139620697786240] INFO perfrun.sdk <> - Reading value (2) from file: /proc/sys/kernel/perf_event_paranoid
56 [139620697786240] INFO perfrun.perfcollector <> - cpu: family = 6 model = 63
56 [139620697786240] INFO perfrun.perfcollector <> - dir found : /sys/bus/event_source/devices/cpu
56 [139620697786240] INFO perfrun.perfcollector <> - format: pc config:19 mask:19
56 [139620697786240] INFO perfrun.perfcollector <> - format: any config:21 mask:21
56 [139620697786240] INFO perfrun.perfcollector <> - format: inv config:23 mask:23
56 [139620697786240] INFO perfrun.perfcollector <> - format: edge config:18 mask:18
56 [139620697786240] INFO perfrun.perfcollector <> - format: cmask config:24-31 mask:24-31
57 [139620697786240] INFO perfrun.perfcollector <> - format: event config:0-7 mask:0-7
57 [139620697786240] INFO perfrun.perfcollector <> - format: ldlat config1:0-15 mask:0-15
57 [139620697786240] INFO perfrun.perfcollector <> - format: umask config:8-15 mask:8-15
57 [139620697786240] INFO perfrun.perfcollector <> - format: offcore_rsp config1:0-63 mask:0-63
57 [139620697786240] INFO perfrun.perfcollector <> - hwInfo : PERF_CPU_PMU_DETAILS
57 [139620697786240] INFO perfrun.perfcollector <> - pmu added : family : cpu , id : 0
57 [139620697786240] INFO perfrun.perfcollector <> - dir found : /sys/bus/event_source/devices/msr
57 [139620697786240] INFO perfrun.perfcollector <> - format: event config:0-63 mask:0-63
57 [139620697786240] WARN perfrun.perfcollector <> - pmu hwInfo is not set, at file: vcs/perfrun1/plugins/perfcollector/src/controller.cpp:672
57 [139620697786240] INFO perfrun.perfcollector <> - pmu added : family : msr , id : 0
57 [139620697786240] INFO perfrun.perfcollector <> - dir found : /sys/bus/event_source/devices/uncore_cbox_10
58 [139620697786240] INFO perfrun.perfcollector <> - format: edge config:18 mask:18
58 [139620697786240] INFO perfrun.perfcollector <> - format: event config:0-7 mask:0-7
58 [139620697786240] INFO perfrun.perfcollector <> - format: umask config:8-15 mask:8-15
58 [139620697786240] INFO perfrun.perfcollector <> - format: filter_c6 config1:61 mask:61
58 [139620697786240] INFO perfrun.perfcollector <> - format: filter_nc config1:62 mask:62
58 [139620697786240] INFO perfrun.perfcollector <> - format: filter_isoc config1:63 mask:63
58 [139620697786240] INFO perfrun.perfcollector <> - format: filter_link config1:6-8 mask:6-8
58 [139620697786240] INFO perfrun.perfcollector <> - format: filter_nid config1:32-47 mask:32-47
58 [139620697786240] INFO perfrun.perfcollector <> - format: filter_opc config1:52-60 mask:52-60
58 [139620697786240] INFO perfrun.perfcollector <> - format: filter_tid config1:0-5 mask:0-5
58 [139620697786240] INFO perfrun.perfcollector <> - format: tid_en config:19 mask:19
58 [139620697786240] INFO perfrun.perfcollector <> - format: thresh config:24-31 mask:24-31
59 [139620697786240] INFO perfrun.perfcollector <> - format: filter_state config1:17-23 mask:17-23
59 [139620697786240] WARN perfrun.perfcollector <> - pmu hwInfo is not set, at file: vcs/perfrun1/plugins/perfcollector/src/controller.cpp:672
59 [139620697786240] INFO perfrun.perfcollector <> - pmu added : family : uncore_cbox , id : 10
59 [139620697786240] INFO perfrun.perfcollector <> - dir found : /sys/bus/event_source/devices/uncore_cbox_11
59 [139620697786240] INFO perfrun.perfcollector <> - format: edge config:18 mask:18
59 [139620697786240] INFO perfrun.perfcollector <> - format: event config:0-7 mask:0-7
59 [139620697786240] INFO perfrun.perfcollector <> - format: umask config:8-15 mask:8-15
59 [139620697786240] INFO perfrun.perfcollector <> - format: filter_c6 config1:61 mask:61
59 [139620697786240] INFO perfrun.perfcollector <> - format: filter_nc config1:62 mask:62
59 [139620697786240] INFO perfrun.perfcollector <> - format: filter_isoc config1:63 mask:63
59 [139620697786240] INFO perfrun.perfcollector <> - format: filter_link config1:6-8 mask:6-8
59 [139620697786240] INFO perfrun.perfcollector <> - format: filter_nid config1:32-47 mask:32-47
60 [139620697786240] INFO perfrun.perfcollector <> - format: filter_opc config1:52-60 mask:52-60
60 [139620697786240] INFO perfrun.perfcollector <> - format: filter_tid config1:0-5 mask:0-5
60 [139620697786240] INFO perfrun.perfcollector <> - format: tid_en config:19 mask:19
60 [139620697786240] INFO perfrun.perfcollector <> - format: thresh config:24-31 mask:24-31
60 [139620697786240] INFO perfrun.perfcollector <> - format: filter_state config1:17-23 mask:17-23
60 [139620697786240] WARN perfrun.perfcollector <> - pmu hwInfo is not set, at file: vcs/perfrun1/plugins/perfcollector/src/controller.cpp:672
60 [139620697786240] INFO perfrun.perfcollector <> - pmu added : family : uncore_cbox , id : 11
60 [139620697786240] INFO perfrun.perfcollector <> - dir found : /sys/bus/event_source/devices/uncore_cbox_12
60 [139620697786240] INFO perfrun.perfcollector <> - format: edge config:18 mask:18
60 [139620697786240] INFO perfrun.perfcollector <> - format: event config:0-7 mask:0-7
60 [139620697786240] INFO perfrun.perfcollector <> - format: umask config:8-15 mask:8-15
61 [139620697786240] INFO perfrun.perfcollector <> - format: filter_c6 config1:61 mask:61
61 [139620697786240] INFO perfrun.perfcollector <> - format: filter_nc config1:62 mask:62
61 [139620697786240] INFO perfrun.perfcollector <> - format: filter_isoc config1:63 mask:63
61 [139620697786240] INFO perfrun.perfcollector <> - format: filter_link config1:6-8 mask:6-8
61 [139620697786240] INFO perfrun.perfcollector <> - format: filter_nid config1:32-47 mask:32-47
61 [139620697786240] INFO perfrun.perfcollector <> - format: filter_opc config1:52-60 mask:52-60
61 [139620697786240] INFO perfrun.perfcollector <> - format: filter_tid config1:0-5 mask:0-5
61 [139620697786240] INFO perfrun.perfcollector <> - format: tid_en config:19 mask:19
61 [139620697786240] INFO perfrun.perfcollector <> - format: thresh config:24-31 mask:24-31
61 [139620697786240] INFO perfrun.perfcollector <> - format: filter_state config1:17-23 mask:17-23
61 [139620697786240] WARN perfrun.perfcollector <> - pmu hwInfo is not set, at file: vcs/perfrun1/plugins/perfcollector/src/controller.cpp:672
62 [139620697786240] INFO perfrun.perfcollector <> - pmu added : family : uncore_cbox , id : 12
62 [139620697786240] INFO perfrun.perfcollector <> - dir found : /sys/bus/event_source/devices/uncore_cbox_13
62 [139620697786240] INFO perfrun.perfcollector <> - format: edge config:18 mask:18
62 [139620697786240] INFO perfrun.perfcollector <> - format: event config:0-7 mask:0-7
62 [139620697786240] INFO perfrun.perfcollector <> - format: umask config:8-15 mask:8-15
62 [139620697786240] INFO perfrun.perfcollector <> - format: filter_c6 config1:61 mask:61
62 [139620697786240] INFO perfrun.perfcollector <> - format: filter_nc config1:62 mask:62
62 [139620697786240] INFO perfrun.perfcollector <> - format: filter_isoc config1:63 mask:63
63 [139620697786240] INFO perfrun.perfcollector <> - format: filter_link config1:6-8 mask:6-8
63 [139620697786240] INFO perfrun.perfcollector <> - format: filter_nid config1:32-47 mask:32-47
63 [139620697786240] INFO perfrun.perfcollector <> - format: filter_opc config1:52-60 mask:52-60
63 [139620697786240] INFO perfrun.perfcollector <> - format: filter_tid config1:0-5 mask:0-5
63 [139620697786240] INFO perfrun.perfcollector <> - format: tid_en config:19 mask:19
63 [139620697786240] INFO perfrun.perfcollector <> - format: thresh config:24-31 mask:24-31
63 [139620697786240] INFO perfrun.perfcollector <> - format: filter_state config1:17-23 mask:17-23
63 [139620697786240] WARN perfrun.perfcollector <> - pmu hwInfo is not set, at file: vcs/perfrun1/plugins/perfcollector/src/controller.cpp:672
64 [139620697786240] INFO perfrun.perfcollector <> - pmu added : family : uncore_cbox , id : 13
64 [139620697786240] INFO perfrun.perfcollector <> - dir found : /sys/bus/event_source/devices/software
64 [139620697786240] WARN perfrun.perfcollector <> - format subdir doesn't exist, at file: vcs/perfrun1/plugins/perfcollector/src/controller.cpp:593
64 [139620697786240] WARN perfrun.perfcollector <> - pmu hwInfo is not set, at file: vcs/perfrun1/plugins/perfcollector/src/controller.cpp:672
64 [139620697786240] INFO perfrun.perfcollector <> - pmu added : family : software , id : 0
64 [139620697786240] INFO perfrun.perfcollector <> - dir found : /sys/bus/event_source/devices/power
64 [139620697786240] INFO perfrun.perfcollector <> - format: event config:0-7 mask:0-7
64 [139620697786240] WARN perfrun.perfcollector <> - pmu hwInfo is not set, at file: vcs/perfrun1/plugins/perfcollector/src/controller.cpp:672
64 [139620697786240] INFO perfrun.perfcollector <> - pmu added : family : power , id : 0
64 [139620697786240] INFO perfrun.perfcollector <> - dir found : /sys/bus/event_source/devices/uncore_pcu
65 [139620697786240] INFO perfrun.perfcollector <> - format: inv config:23 mask:23
65 [139620697786240] INFO perfrun.perfcollector <> - format: occ_invert config:30 mask:30
65 [139620697786240] INFO perfrun.perfcollector <> - format: edge config:18 mask:18
65 [139620697786240] INFO perfrun.perfcollector <> - format: event config:0-7 mask:0-7
65 [139620697786240] INFO perfrun.perfcollector <> - format: occ_sel config:14-15 mask:14-15
65 [139620697786240] INFO perfrun.perfcollector <> - format: thresh config:24-28 mask:24-28
65 [139620697786240] INFO perfrun.perfcollector <> - format: filter_band0 config1:0-7 mask:0-7
65 [139620697786240] INFO perfrun.perfcollector <> - format: filter_band1 config1:8-15 mask:8-15
66 [139620697786240] INFO perfrun.perfcollector <> - format: filter_band2 config1:16-23 mask:16-23
66 [139620697786240] INFO perfrun.perfcollector <> - format: filter_band3 config1:24-31 mask:24-31
66 [139620697786240] INFO perfrun.perfcollector <> - format: occ_edge config:14-51 mask:14-51
66 [139620697786240] WARN perfrun.perfcollector <> - pmu hwInfo is not set, at file: vcs/perfrun1/plugins/perfcollector/src/controller.cpp:672
66 [139620697786240] INFO perfrun.perfcollector <> - pmu added : family : uncore_pcu , id : 0
66 [139620697786240] INFO perfrun.perfcollector <> - dir found : /sys/bus/event_source/devices/tracepoint
66 [139620697786240] WARN perfrun.perfcollector <> - format subdir doesn't exist, at file: vcs/perfrun1/plugins/perfcollector/src/controller.cpp:593
66 [139620697786240] WARN perfrun.perfcollector <> - pmu hwInfo is not set, at file: vcs/perfrun1/plugins/perfcollector/src/controller.cpp:672
66 [139620697786240] INFO perfrun.perfcollector <> - pmu added : family : tracepoint , id : 0
66 [139620697786240] INFO perfrun.perfcollector <> - dir found : /sys/bus/event_source/devices/uncore_imc_0
67 [139620697786240] INFO perfrun.perfcollector <> - format: inv config:23 mask:23
67 [139620697786240] INFO perfrun.perfcollector <> - format: edge config:18 mask:18
67 [139620697786240] INFO perfrun.perfcollector <> - format: event config:0-7 mask:0-7
67 [139620697786240] INFO perfrun.perfcollector <> - format: umask config:8-15 mask:8-15
67 [139620697786240] INFO perfrun.perfcollector <> - format: thresh config:24-31 mask:24-31
67 [139620697786240] INFO perfrun.perfcollector <> - hwInfo : PERF_IMC_PMU_DETAILS
67 [139620697786240] INFO perfrun.perfcollector <> - pmu added : family : uncore_imc , id : 0
67 [139620697786240] INFO perfrun.perfcollector <> - dir found : /sys/bus/event_source/devices/uncore_imc_1
67 [139620697786240] INFO perfrun.perfcollector <> - format: inv config:23 mask:23
67 [139620697786240] INFO perfrun.perfcollector <> - format: edge config:18 mask:18
67 [139620697786240] INFO perfrun.perfcollector <> - format: event config:0-7 mask:0-7
67 [139620697786240] INFO perfrun.perfcollector <> - format: umask config:8-15 mask:8-15
67 [139620697786240] INFO perfrun.perfcollector <> - format: thresh config:24-31 mask:24-31
67 [139620697786240] INFO perfrun.perfcollector <> - hwInfo : PERF_IMC_PMU_DETAILS
67 [139620697786240] INFO perfrun.perfcollector <> - pmu added : family : uncore_imc , id : 1
67 [139620697786240] INFO perfrun.perfcollector <> - dir found : /sys/bus/event_source/devices/uncore_imc_4
68 [139620697786240] INFO perfrun.perfcollector <> - format: inv config:23 mask:23
68 [139620697786240] INFO perfrun.perfcollector <> - format: edge config:18 mask:18
68 [139620697786240] INFO perfrun.perfcollector <> - format: event config:0-7 mask:0-7
68 [139620697786240] INFO perfrun.perfcollector <> - format: umask config:8-15 mask:8-15
68 [139620697786240] INFO perfrun.perfcollector <> - format: thresh config:24-31 mask:24-31
68 [139620697786240] INFO perfrun.perfcollector <> - hwInfo : PERF_IMC_PMU_DETAILS
68 [139620697786240] INFO perfrun.perfcollector <> - pmu added : family : uncore_imc , id : 4
68 [139620697786240] INFO perfrun.perfcollector <> - dir found : /sys/bus/event_source/devices/uncore_imc_5
68 [139620697786240] INFO perfrun.perfcollector <> - format: inv config:23 mask:23
68 [139620697786240] INFO perfrun.perfcollector <> - format: edge config:18 mask:18
68 [139620697786240] INFO perfrun.perfcollector <> - format: event config:0-7 mask:0-7
69 [139620697786240] INFO perfrun.perfcollector <> - format: umask config:8-15 mask:8-15
69 [139620697786240] INFO perfrun.perfcollector <> - format: thresh config:24-31 mask:24-31
69 [139620697786240] INFO perfrun.perfcollector <> - hwInfo : PERF_IMC_PMU_DETAILS
69 [139620697786240] INFO perfrun.perfcollector <> - pmu added : family : uncore_imc , id : 5
69 [139620697786240] INFO perfrun.perfcollector <> - dir found : /sys/bus/event_source/devices/uncore_qpi_0
69 [139620697786240] INFO perfrun.perfcollector <> - format: inv config:23 mask:23
69 [139620697786240] INFO perfrun.perfcollector <> - format: edge config:18 mask:18
69 [139620697786240] INFO perfrun.perfcollector <> - format: match_rnid4 config1:31 mask:31
69 [139620697786240] INFO perfrun.perfcollector <> - format: event config:0-7,21 mask:0-7,21
69 [139620697786240] INFO perfrun.perfcollector <> - format: mask0 config2:0-31 mask:0-31
70 [139620697786240] INFO perfrun.perfcollector <> - format: mask1 config2:32-63 mask:32-63
70 [139620697786240] INFO perfrun.perfcollector <> - format: umask config:8-15 mask:8-15
70 [139620697786240] INFO perfrun.perfcollector <> - format: mask_rnid30 config2:32-35 mask:32-35
70 [139620697786240] INFO perfrun.perfcollector <> - format: match_rnid30 config1:32-35 mask:32-35
70 [139620697786240] INFO perfrun.perfcollector <> - format: match_dnid config1:13-17 mask:13-17
70 [139620697786240] INFO perfrun.perfcollector <> - format: mask_mc config2:9-12 mask:9-12
70 [139620697786240] INFO perfrun.perfcollector <> - format: mask_dnid config2:13-17 mask:13-17
70 [139620697786240] INFO perfrun.perfcollector <> - format: match_opc config1:5-8 mask:5-8
70 [139620697786240] INFO perfrun.perfcollector <> - format: match_rds config1:48-51 mask:48-51
71 [139620697786240] INFO perfrun.perfcollector <> - format: match_vnw config1:3-4 mask:3-4
71 [139620697786240] INFO perfrun.perfcollector <> - format: mask_opc config2:5-8 mask:5-8
71 [139620697786240] INFO perfrun.perfcollector <> - format: mask_rds config2:48-51 mask:48-51
71 [139620697786240] INFO perfrun.perfcollector <> - format: mask_vnw config2:3-4 mask:3-4
71 [139620697786240] INFO perfrun.perfcollector <> - format: match_mc config1:9-12 mask:9-12
71 [139620697786240] INFO perfrun.perfcollector <> - format: match0 config1:0-31 mask:0-31
71 [139620697786240] INFO perfrun.perfcollector <> - format: match1 config1:32-63 mask:32-63
71 [139620697786240] INFO perfrun.perfcollector <> - format: mask_rnid4 config2:31 mask:31
71 [139620697786240] INFO perfrun.perfcollector <> - format: thresh config:24-31 mask:24-31
71 [139620697786240] INFO perfrun.perfcollector <> - hwInfo : PERF_QPI_PMU_DETAILS
71 [139620697786240] INFO perfrun.perfcollector <> - pmu added : family : uncore_qpi , id : 0
72 [139620697786240] INFO perfrun.perfcollector <> - dir found : /sys/bus/event_source/devices/uncore_qpi_1
72 [139620697786240] INFO perfrun.perfcollector <> - format: inv config:23 mask:23
72 [139620697786240] INFO perfrun.perfcollector <> - format: edge config:18 mask:18
72 [139620697786240] INFO perfrun.perfcollector <> - format: match_rnid4 config1:31 mask:31
72 [139620697786240] INFO perfrun.perfcollector <> - format: event config:0-7,21 mask:0-7,21
72 [139620697786240] INFO perfrun.perfcollector <> - format: mask0 config2:0-31 mask:0-31
72 [139620697786240] INFO perfrun.perfcollector <> - format: mask1 config2:32-63 mask:32-63
72 [139620697786240] INFO perfrun.perfcollector <> - format: umask config:8-15 mask:8-15
72 [139620697786240] INFO perfrun.perfcollector <> - format: mask_rnid30 config2:32-35 mask:32-35
73 [139620697786240] INFO perfrun.perfcollector <> - format: match_rnid30 config1:32-35 mask:32-35
73 [139620697786240] INFO perfrun.perfcollector <> - format: match_dnid config1:13-17 mask:13-17
73 [139620697786240] INFO perfrun.perfcollector <> - format: mask_mc config2:9-12 mask:9-12
73 [139620697786240] INFO perfrun.perfcollector <> - format: mask_dnid config2:13-17 mask:13-17
73 [139620697786240] INFO perfrun.perfcollector <> - format: match_opc config1:5-8 mask:5-8
73 [139620697786240] INFO perfrun.perfcollector <> - format: match_rds config1:48-51 mask:48-51
73 [139620697786240] INFO perfrun.perfcollector <> - format: match_vnw config1:3-4 mask:3-4
73 [139620697786240] INFO perfrun.perfcollector <> - format: mask_opc config2:5-8 mask:5-8
74 [139620697786240] INFO perfrun.perfcollector <> - format: mask_rds config2:48-51 mask:48-51
74 [139620697786240] INFO perfrun.perfcollector <> - format: mask_vnw config2:3-4 mask:3-4
74 [139620697786240] INFO perfrun.perfcollector <> - format: match_mc config1:9-12 mask:9-12
74 [139620697786240] INFO perfrun.perfcollector <> - format: match0 config1:0-31 mask:0-31
74 [139620697786240] INFO perfrun.perfcollector <> - format: match1 config1:32-63 mask:32-63
74 [139620697786240] INFO perfrun.perfcollector <> - format: mask_rnid4 config2:31 mask:31
74 [139620697786240] INFO perfrun.perfcollector <> - format: thresh config:24-31 mask:24-31
74 [139620697786240] INFO perfrun.perfcollector <> - hwInfo : PERF_QPI_PMU_DETAILS
75 [139620697786240] INFO perfrun.perfcollector <> - pmu added : family : uncore_qpi , id : 1
75 [139620697786240] INFO perfrun.perfcollector <> - dir found : /sys/bus/event_source/devices/uncore_cbox_0
75 [139620697786240] INFO perfrun.perfcollector <> - format: edge config:18 mask:18
75 [139620697786240] INFO perfrun.perfcollector <> - format: event config:0-7 mask:0-7
75 [139620697786240] INFO perfrun.perfcollector <> - format: umask config:8-15 mask:8-15
75 [139620697786240] INFO perfrun.perfcollector <> - format: filter_c6 config1:61 mask:61
75 [139620697786240] INFO perfrun.perfcollector <> - format: filter_nc config1:62 mask:62
76 [139620697786240] INFO perfrun.perfcollector <> - format: filter_isoc config1:63 mask:63
76 [139620697786240] INFO perfrun.perfcollector <> - format: filter_link config1:6-8 mask:6-8
76 [139620697786240] INFO perfrun.perfcollector <> - format: filter_nid config1:32-47 mask:32-47
76 [139620697786240] INFO perfrun.perfcollector <> - format: filter_opc config1:52-60 mask:52-60
76 [139620697786240] INFO perfrun.perfcollector <> - format: filter_tid config1:0-5 mask:0-5
76 [139620697786240] INFO perfrun.perfcollector <> - format: tid_en config:19 mask:19
76 [139620697786240] INFO perfrun.perfcollector <> - format: thresh config:24-31 mask:24-31
76 [139620697786240] INFO perfrun.perfcollector <> - format: filter_state config1:17-23 mask:17-23
76 [139620697786240] WARN perfrun.perfcollector <> - pmu hwInfo is not set, at file: vcs/perfrun1/plugins/perfcollector/src/controller.cpp:672
77 [139620697786240] INFO perfrun.perfcollector <> - pmu added : family : uncore_cbox , id : 0
77 [139620697786240] INFO perfrun.perfcollector <> - dir found : /sys/bus/event_source/devices/uncore_cbox_1
77 [139620697786240] INFO perfrun.perfcollector <> - format: edge config:18 mask:18
77 [139620697786240] INFO perfrun.perfcollector <> - format: event config:0-7 mask:0-7
77 [139620697786240] INFO perfrun.perfcollector <> - format: umask config:8-15 mask:8-15
77 [139620697786240] INFO perfrun.perfcollector <> - format: filter_c6 config1:61 mask:61
77 [139620697786240] INFO perfrun.perfcollector <> - format: filter_nc config1:62 mask:62
77 [139620697786240] INFO perfrun.perfcollector <> - format: filter_isoc config1:63 mask:63
78 [139620697786240] INFO perfrun.perfcollector <> - format: filter_link config1:6-8 mask:6-8
78 [139620697786240] INFO perfrun.perfcollector <> - format: filter_nid config1:32-47 mask:32-47
78 [139620697786240] INFO perfrun.perfcollector <> - format: filter_opc config1:52-60 mask:52-60
78 [139620697786240] INFO perfrun.perfcollector <> - format: filter_tid config1:0-5 mask:0-5
78 [139620697786240] INFO perfrun.perfcollector <> - format: tid_en config:19 mask:19
78 [139620697786240] INFO perfrun.perfcollector <> - format: thresh config:24-31 mask:24-31
78 [139620697786240] INFO perfrun.perfcollector <> - format: filter_state config1:17-23 mask:17-23
78 [139620697786240] WARN perfrun.perfcollector <> - pmu hwInfo is not set, at file: vcs/perfrun1/plugins/perfcollector/src/controller.cpp:672
78 [139620697786240] INFO perfrun.perfcollector <> - pmu added : family : uncore_cbox , id : 1
78 [139620697786240] INFO perfrun.perfcollector <> - dir found : /sys/bus/event_source/devices/uncore_cbox_2
79 [139620697786240] INFO perfrun.perfcollector <> - format: edge config:18 mask:18
79 [139620697786240] INFO perfrun.perfcollector <> - format: event config:0-7 mask:0-7
79 [139620697786240] INFO perfrun.perfcollector <> - format: umask config:8-15 mask:8-15
79 [139620697786240] INFO perfrun.perfcollector <> - format: filter_c6 config1:61 mask:61
79 [139620697786240] INFO perfrun.perfcollector <> - format: filter_nc config1:62 mask:62
79 [139620697786240] INFO perfrun.perfcollector <> - format: filter_isoc config1:63 mask:63
80 [139620697786240] INFO perfrun.perfcollector <> - format: filter_link config1:6-8 mask:6-8
80 [139620697786240] INFO perfrun.perfcollector <> - format: filter_nid config1:32-47 mask:32-47
80 [139620697786240] INFO perfrun.perfcollector <> - format: filter_opc config1:52-60 mask:52-60
80 [139620697786240] INFO perfrun.perfcollector <> - format: filter_tid config1:0-5 mask:0-5
80 [139620697786240] INFO perfrun.perfcollector <> - format: tid_en config:19 mask:19
80 [139620697786240] INFO perfrun.perfcollector <> - format: thresh config:24-31 mask:24-31
80 [139620697786240] INFO perfrun.perfcollector <> - format: filter_state config1:17-23 mask:17-23
80 [139620697786240] WARN perfrun.perfcollector <> - pmu hwInfo is not set, at file: vcs/perfrun1/plugins/perfcollector/src/controller.cpp:672
80 [139620697786240] INFO perfrun.perfcollector <> - pmu added : family : uncore_cbox , id : 2
81 [139620697786240] INFO perfrun.perfcollector <> - dir found : /sys/bus/event_source/devices/uncore_cbox_3
81 [139620697786240] INFO perfrun.perfcollector <> - format: edge config:18 mask:18
81 [139620697786240] INFO perfrun.perfcollector <> - format: event config:0-7 mask:0-7
81 [139620697786240] INFO perfrun.perfcollector <> - format: umask config:8-15 mask:8-15
81 [139620697786240] INFO perfrun.perfcollector <> - format: filter_c6 config1:61 mask:61
81 [139620697786240] INFO perfrun.perfcollector <> - format: filter_nc config1:62 mask:62
81 [139620697786240] INFO perfrun.perfcollector <> - format: filter_isoc config1:63 mask:63
82 [139620697786240] INFO perfrun.perfcollector <> - format: filter_link config1:6-8 mask:6-8
82 [139620697786240] INFO perfrun.perfcollector <> - format: filter_nid config1:32-47 mask:32-47
82 [139620697786240] INFO perfrun.perfcollector <> - format: filter_opc config1:52-60 mask:52-60
82 [139620697786240] INFO perfrun.perfcollector <> - format: filter_tid config1:0-5 mask:0-5
82 [139620697786240] INFO perfrun.perfcollector <> - format: tid_en config:19 mask:19
82 [139620697786240] INFO perfrun.perfcollector <> - format: thresh config:24-31 mask:24-31
82 [139620697786240] INFO perfrun.perfcollector <> - format: filter_state config1:17-23 mask:17-23
82 [139620697786240] WARN perfrun.perfcollector <> - pmu hwInfo is not set, at file: vcs/perfrun1/plugins/perfcollector/src/controller.cpp:672
83 [139620697786240] INFO perfrun.perfcollector <> - pmu added : family : uncore_cbox , id : 3
83 [139620697786240] INFO perfrun.perfcollector <> - dir found : /sys/bus/event_source/devices/uncore_cbox_4
83 [139620697786240] INFO perfrun.perfcollector <> - format: edge config:18 mask:18
83 [139620697786240] INFO perfrun.perfcollector <> - format: event config:0-7 mask:0-7
83 [139620697786240] INFO perfrun.perfcollector <> - format: umask config:8-15 mask:8-15
83 [139620697786240] INFO perfrun.perfcollector <> - format: filter_c6 config1:61 mask:61
83 [139620697786240] INFO perfrun.perfcollector <> - format: filter_nc config1:62 mask:62
83 [139620697786240] INFO perfrun.perfcollector <> - format: filter_isoc config1:63 mask:63
84 [139620697786240] INFO perfrun.perfcollector <> - format: filter_link config1:6-8 mask:6-8
84 [139620697786240] INFO perfrun.perfcollector <> - format: filter_nid config1:32-47 mask:32-47
84 [139620697786240] INFO perfrun.perfcollector <> - format: filter_opc config1:52-60 mask:52-60
84 [139620697786240] INFO perfrun.perfcollector <> - format: filter_tid config1:0-5 mask:0-5
84 [139620697786240] INFO perfrun.perfcollector <> - format: tid_en config:19 mask:19
85 [139620697786240] INFO perfrun.perfcollector <> - format: thresh config:24-31 mask:24-31
85 [139620697786240] INFO perfrun.perfcollector <> - format: filter_state config1:17-23 mask:17-23
85 [139620697786240] WARN perfrun.perfcollector <> - pmu hwInfo is not set, at file: vcs/perfrun1/plugins/perfcollector/src/controller.cpp:672
85 [139620697786240] INFO perfrun.perfcollector <> - pmu added : family : uncore_cbox , id : 4
85 [139620697786240] INFO perfrun.perfcollector <> - dir found : /sys/bus/event_source/devices/uncore_cbox_5
85 [139620697786240] INFO perfrun.perfcollector <> - format: edge config:18 mask:18
86 [139620697786240] INFO perfrun.perfcollector <> - format: event config:0-7 mask:0-7
86 [139620697786240] INFO perfrun.perfcollector <> - format: umask config:8-15 mask:8-15
86 [139620697786240] INFO perfrun.perfcollector <> - format: filter_c6 config1:61 mask:61
86 [139620697786240] INFO perfrun.perfcollector <> - format: filter_nc config1:62 mask:62
86 [139620697786240] INFO perfrun.perfcollector <> - format: filter_isoc config1:63 mask:63
86 [139620697786240] INFO perfrun.perfcollector <> - format: filter_link config1:6-8 mask:6-8
86 [139620697786240] INFO perfrun.perfcollector <> - format: filter_nid config1:32-47 mask:32-47
87 [139620697786240] INFO perfrun.perfcollector <> - format: filter_opc config1:52-60 mask:52-60
87 [139620697786240] INFO perfrun.perfcollector <> - format: filter_tid config1:0-5 mask:0-5
87 [139620697786240] INFO perfrun.perfcollector <> - format: tid_en config:19 mask:19
87 [139620697786240] INFO perfrun.perfcollector <> - format: thresh config:24-31 mask:24-31
87 [139620697786240] INFO perfrun.perfcollector <> - format: filter_state config1:17-23 mask:17-23
87 [139620697786240] WARN perfrun.perfcollector <> - pmu hwInfo is not set, at file: vcs/perfrun1/plugins/perfcollector/src/controller.cpp:672
87 [139620697786240] INFO perfrun.perfcollector <> - pmu added : family : uncore_cbox , id : 5
87 [139620697786240] INFO perfrun.perfcollector <> - dir found : /sys/bus/event_source/devices/uncore_cbox_6
88 [139620697786240] INFO perfrun.perfcollector <> - format: edge config:18 mask:18
88 [139620697786240] INFO perfrun.perfcollector <> - format: event config:0-7 mask:0-7
88 [139620697786240] INFO perfrun.perfcollector <> - format: umask config:8-15 mask:8-15
88 [139620697786240] INFO perfrun.perfcollector <> - format: filter_c6 config1:61 mask:61
88 [139620697786240] INFO perfrun.perfcollector <> - format: filter_nc config1:62 mask:62
89 [139620697786240] INFO perfrun.perfcollector <> - format: filter_isoc config1:63 mask:63
89 [139620697786240] INFO perfrun.perfcollector <> - format: filter_link config1:6-8 mask:6-8
89 [139620697786240] INFO perfrun.perfcollector <> - format: filter_nid config1:32-47 mask:32-47
89 [139620697786240] INFO perfrun.perfcollector <> - format: filter_opc config1:52-60 mask:52-60
89 [139620697786240] INFO perfrun.perfcollector <> - format: filter_tid config1:0-5 mask:0-5
89 [139620697786240] INFO perfrun.perfcollector <> - format: tid_en config:19 mask:19
89 [139620697786240] INFO perfrun.perfcollector <> - format: thresh config:24-31 mask:24-31
90 [139620697786240] INFO perfrun.perfcollector <> - format: filter_state config1:17-23 mask:17-23
90 [139620697786240] WARN perfrun.perfcollector <> - pmu hwInfo is not set, at file: vcs/perfrun1/plugins/perfcollector/src/controller.cpp:672
90 [139620697786240] INFO perfrun.perfcollector <> - pmu added : family : uncore_cbox , id : 6
90 [139620697786240] INFO perfrun.perfcollector <> - dir found : /sys/bus/event_source/devices/uncore_cbox_7
90 [139620697786240] INFO perfrun.perfcollector <> - format: edge config:18 mask:18
90 [139620697786240] INFO perfrun.perfcollector <> - format: event config:0-7 mask:0-7
90 [139620697786240] INFO perfrun.perfcollector <> - format: umask config:8-15 mask:8-15
91 [139620697786240] INFO perfrun.perfcollector <> - format: filter_c6 config1:61 mask:61
91 [139620697786240] INFO perfrun.perfcollector <> - format: filter_nc config1:62 mask:62
91 [139620697786240] INFO perfrun.perfcollector <> - format: filter_isoc config1:63 mask:63
91 [139620697786240] INFO perfrun.perfcollector <> - format: filter_link config1:6-8 mask:6-8
91 [139620697786240] INFO perfrun.perfcollector <> - format: filter_nid config1:32-47 mask:32-47
91 [139620697786240] INFO perfrun.perfcollector <> - format: filter_opc config1:52-60 mask:52-60
92 [139620697786240] INFO perfrun.perfcollector <> - format: filter_tid config1:0-5 mask:0-5
92 [139620697786240] INFO perfrun.perfcollector <> - format: tid_en config:19 mask:19
92 [139620697786240] INFO perfrun.perfcollector <> - format: thresh config:24-31 mask:24-31
92 [139620697786240] INFO perfrun.perfcollector <> - format: filter_state config1:17-23 mask:17-23
92 [139620697786240] WARN perfrun.perfcollector <> - pmu hwInfo is not set, at file: vcs/perfrun1/plugins/perfcollector/src/controller.cpp:672
92 [139620697786240] INFO perfrun.perfcollector <> - pmu added : family : uncore_cbox , id : 7
92 [139620697786240] INFO perfrun.perfcollector <> - dir found : /sys/bus/event_source/devices/uncore_cbox_8
93 [139620697786240] INFO perfrun.perfcollector <> - format: edge config:18 mask:18
93 [139620697786240] INFO perfrun.perfcollector <> - format: event config:0-7 mask:0-7
93 [139620697786240] INFO perfrun.perfcollector <> - format: umask config:8-15 mask:8-15
93 [139620697786240] INFO perfrun.perfcollector <> - format: filter_c6 config1:61 mask:61
93 [139620697786240] INFO perfrun.perfcollector <> - format: filter_nc config1:62 mask:62
93 [139620697786240] INFO perfrun.perfcollector <> - format: filter_isoc config1:63 mask:63
94 [139620697786240] INFO perfrun.perfcollector <> - format: filter_link config1:6-8 mask:6-8
94 [139620697786240] INFO perfrun.perfcollector <> - format: filter_nid config1:32-47 mask:32-47
94 [139620697786240] INFO perfrun.perfcollector <> - format: filter_opc config1:52-60 mask:52-60
94 [139620697786240] INFO perfrun.perfcollector <> - format: filter_tid config1:0-5 mask:0-5
94 [139620697786240] INFO perfrun.perfcollector <> - format: tid_en config:19 mask:19
94 [139620697786240] INFO perfrun.perfcollector <> - format: thresh config:24-31 mask:24-31
94 [139620697786240] INFO perfrun.perfcollector <> - format: filter_state config1:17-23 mask:17-23
94 [139620697786240] WARN perfrun.perfcollector <> - pmu hwInfo is not set, at file: vcs/perfrun1/plugins/perfcollector/src/controller.cpp:672
95 [139620697786240] INFO perfrun.perfcollector <> - pmu added : family : uncore_cbox , id : 8
95 [139620697786240] INFO perfrun.perfcollector <> - dir found : /sys/bus/event_source/devices/uncore_cbox_9
95 [139620697786240] INFO perfrun.perfcollector <> - format: edge config:18 mask:18
95 [139620697786240] INFO perfrun.perfcollector <> - format: event config:0-7 mask:0-7
95 [139620697786240] INFO perfrun.perfcollector <> - format: umask config:8-15 mask:8-15
95 [139620697786240] INFO perfrun.perfcollector <> - format: filter_c6 config1:61 mask:61
95 [139620697786240] INFO perfrun.perfcollector <> - format: filter_nc config1:62 mask:62
96 [139620697786240] INFO perfrun.perfcollector <> - format: filter_isoc config1:63 mask:63
96 [139620697786240] INFO perfrun.perfcollector <> - format: filter_link config1:6-8 mask:6-8
96 [139620697786240] INFO perfrun.perfcollector <> - format: filter_nid config1:32-47 mask:32-47
96 [139620697786240] INFO perfrun.perfcollector <> - format: filter_opc config1:52-60 mask:52-60
96 [139620697786240] INFO perfrun.perfcollector <> - format: filter_tid config1:0-5 mask:0-5
96 [139620697786240] INFO perfrun.perfcollector <> - format: tid_en config:19 mask:19
96 [139620697786240] INFO perfrun.perfcollector <> - format: thresh config:24-31 mask:24-31
97 [139620697786240] INFO perfrun.perfcollector <> - format: filter_state config1:17-23 mask:17-23
97 [139620697786240] WARN perfrun.perfcollector <> - pmu hwInfo is not set, at file: vcs/perfrun1/plugins/perfcollector/src/controller.cpp:672
97 [139620697786240] INFO perfrun.perfcollector <> - pmu added : family : uncore_cbox , id : 9
97 [139620697786240] INFO perfrun.perfcollector <> - dir found : /sys/bus/event_source/devices/kprobe
97 [139620697786240] INFO perfrun.perfcollector <> - format: retprobe config:0 mask:0
97 [139620697786240] WARN perfrun.perfcollector <> - pmu hwInfo is not set, at file: vcs/perfrun1/plugins/perfcollector/src/controller.cpp:672
97 [139620697786240] INFO perfrun.perfcollector <> - pmu added : family : kprobe , id : 0
97 [139620697786240] INFO perfrun.perfcollector <> - dir found : /sys/bus/event_source/devices/uncore_r2pcie
98 [139620697786240] INFO perfrun.perfcollector <> - format: inv config:23 mask:23
98 [139620697786240] INFO perfrun.perfcollector <> - format: edge config:18 mask:18
98 [139620697786240] INFO perfrun.perfcollector <> - format: event config:0-7 mask:0-7
98 [139620697786240] INFO perfrun.perfcollector <> - format: umask config:8-15 mask:8-15
98 [139620697786240] INFO perfrun.perfcollector <> - format: thresh config:24-31 mask:24-31
98 [139620697786240] WARN perfrun.perfcollector <> - pmu hwInfo is not set, at file: vcs/perfrun1/plugins/perfcollector/src/controller.cpp:672
99 [139620697786240] INFO perfrun.perfcollector <> - pmu added : family : uncore_r2pcie , id : 0
99 [139620697786240] INFO perfrun.perfcollector <> - dir found : /sys/bus/event_source/devices/uncore_r3qpi_0
99 [139620697786240] INFO perfrun.perfcollector <> - format: inv config:23 mask:23
99 [139620697786240] INFO perfrun.perfcollector <> - format: edge config:18 mask:18
99 [139620697786240] INFO perfrun.perfcollector <> - format: event config:0-7 mask:0-7
99 [139620697786240] INFO perfrun.perfcollector <> - format: umask config:8-15 mask:8-15
99 [139620697786240] INFO perfrun.perfcollector <> - format: thresh config:24-31 mask:24-31
99 [139620697786240] WARN perfrun.perfcollector <> - pmu hwInfo is not set, at file: vcs/perfrun1/plugins/perfcollector/src/controller.cpp:672
100 [139620697786240] INFO perfrun.perfcollector <> - pmu added : family : uncore_r3qpi , id : 0
100 [139620697786240] INFO perfrun.perfcollector <> - dir found : /sys/bus/event_source/devices/uncore_r3qpi_1
100 [139620697786240] INFO perfrun.perfcollector <> - format: inv config:23 mask:23
100 [139620697786240] INFO perfrun.perfcollector <> - format: edge config:18 mask:18
100 [139620697786240] INFO perfrun.perfcollector <> - format: event config:0-7 mask:0-7
100 [139620697786240] INFO perfrun.perfcollector <> - format: umask config:8-15 mask:8-15
100 [139620697786240] INFO perfrun.perfcollector <> - format: thresh config:24-31 mask:24-31
100 [139620697786240] WARN perfrun.perfcollector <> - pmu hwInfo is not set, at file: vcs/perfrun1/plugins/perfcollector/src/controller.cpp:672
101 [139620697786240] INFO perfrun.perfcollector <> - pmu added : family : uncore_r3qpi , id : 1
101 [139620697786240] INFO perfrun.perfcollector <> - dir found : /sys/bus/event_source/devices/uncore_sbox_0
101 [139620697786240] INFO perfrun.perfcollector <> - format: inv config:23 mask:23
101 [139620697786240] INFO perfrun.perfcollector <> - format: edge config:18 mask:18
101 [139620697786240] INFO perfrun.perfcollector <> - format: event config:0-7 mask:0-7
101 [139620697786240] INFO perfrun.perfcollector <> - format: umask config:8-15 mask:8-15
101 [139620697786240] INFO perfrun.perfcollector <> - format: tid_en config:19 mask:19
101 [139620697786240] INFO perfrun.perfcollector <> - format: thresh config:24-31 mask:24-31
101 [139620697786240] WARN perfrun.perfcollector <> - pmu hwInfo is not set, at file: vcs/perfrun1/plugins/perfcollector/src/controller.cpp:672
102 [139620697786240] INFO perfrun.perfcollector <> - pmu added : family : uncore_sbox , id : 0
102 [139620697786240] INFO perfrun.perfcollector <> - dir found : /sys/bus/event_source/devices/uncore_sbox_1
102 [139620697786240] INFO perfrun.perfcollector <> - format: inv config:23 mask:23
102 [139620697786240] INFO perfrun.perfcollector <> - format: edge config:18 mask:18
102 [139620697786240] INFO perfrun.perfcollector <> - format: event config:0-7 mask:0-7
102 [139620697786240] INFO perfrun.perfcollector <> - format: umask config:8-15 mask:8-15
103 [139620697786240] INFO perfrun.perfcollector <> - format: tid_en config:19 mask:19
103 [139620697786240] INFO perfrun.perfcollector <> - format: thresh config:24-31 mask:24-31
103 [139620697786240] WARN perfrun.perfcollector <> - pmu hwInfo is not set, at file: vcs/perfrun1/plugins/perfcollector/src/controller.cpp:672
103 [139620697786240] INFO perfrun.perfcollector <> - pmu added : family : uncore_sbox , id : 1
103 [139620697786240] INFO perfrun.perfcollector <> - dir found : /sys/bus/event_source/devices/uncore_sbox_2
103 [139620697786240] INFO perfrun.perfcollector <> - format: inv config:23 mask:23
103 [139620697786240] INFO perfrun.perfcollector <> - format: edge config:18 mask:18
104 [139620697786240] INFO perfrun.perfcollector <> - format: event config:0-7 mask:0-7
104 [139620697786240] INFO perfrun.perfcollector <> - format: umask config:8-15 mask:8-15
104 [139620697786240] INFO perfrun.perfcollector <> - format: tid_en config:19 mask:19
104 [139620697786240] INFO perfrun.perfcollector <> - format: thresh config:24-31 mask:24-31
104 [139620697786240] WARN perfrun.perfcollector <> - pmu hwInfo is not set, at file: vcs/perfrun1/plugins/perfcollector/src/controller.cpp:672
104 [139620697786240] INFO perfrun.perfcollector <> - pmu added : family : uncore_sbox , id : 2
104 [139620697786240] INFO perfrun.perfcollector <> - dir found : /sys/bus/event_source/devices/uncore_sbox_3
104 [139620697786240] INFO perfrun.perfcollector <> - format: inv config:23 mask:23
105 [139620697786240] INFO perfrun.perfcollector <> - format: edge config:18 mask:18
105 [139620697786240] INFO perfrun.perfcollector <> - format: event config:0-7 mask:0-7
105 [139620697786240] INFO perfrun.perfcollector <> - format: umask config:8-15 mask:8-15
105 [139620697786240] INFO perfrun.perfcollector <> - format: tid_en config:19 mask:19
105 [139620697786240] INFO perfrun.perfcollector <> - format: thresh config:24-31 mask:24-31
105 [139620697786240] WARN perfrun.perfcollector <> - pmu hwInfo is not set, at file: vcs/perfrun1/plugins/perfcollector/src/controller.cpp:672
105 [139620697786240] INFO perfrun.perfcollector <> - pmu added : family : uncore_sbox , id : 3
105 [139620697786240] INFO perfrun.perfcollector <> - dir found : /sys/bus/event_source/devices/uprobe
106 [139620697786240] INFO perfrun.perfcollector <> - format: retprobe config:0 mask:0
106 [139620697786240] WARN perfrun.perfcollector <> - pmu hwInfo is not set, at file: vcs/perfrun1/plugins/perfcollector/src/controller.cpp:672
106 [139620697786240] INFO perfrun.perfcollector <> - pmu added : family : uprobe , id : 0
106 [139620697786240] INFO perfrun.perfcollector <> - dir found : /sys/bus/event_source/devices/intel_bts
106 [139620697786240] WARN perfrun.perfcollector <> - format subdir doesn't exist, at file: vcs/perfrun1/plugins/perfcollector/src/controller.cpp:593
106 [139620697786240] WARN perfrun.perfcollector <> - pmu hwInfo is not set, at file: vcs/perfrun1/plugins/perfcollector/src/controller.cpp:672
106 [139620697786240] INFO perfrun.perfcollector <> - pmu added : family : intel_bts , id : 0
106 [139620697786240] INFO perfrun.perfcollector <> - dir found : /sys/bus/event_source/devices/breakpoint
106 [139620697786240] WARN perfrun.perfcollector <> - format subdir doesn't exist, at file: vcs/perfrun1/plugins/perfcollector/src/controller.cpp:593
106 [139620697786240] WARN perfrun.perfcollector <> - pmu hwInfo is not set, at file: vcs/perfrun1/plugins/perfcollector/src/controller.cpp:672
106 [139620697786240] INFO perfrun.perfcollector <> - pmu added : family : breakpoint , id : 0
106 [139620697786240] INFO perfrun.perfcollector <> - dir found : /sys/bus/event_source/devices/uncore_ha_0
106 [139620697786240] INFO perfrun.perfcollector <> - format: inv config:23 mask:23
107 [139620697786240] INFO perfrun.perfcollector <> - format: edge config:18 mask:18
107 [139620697786240] INFO perfrun.perfcollector <> - format: event config:0-7 mask:0-7
107 [139620697786240] INFO perfrun.perfcollector <> - format: umask config:8-15 mask:8-15
107 [139620697786240] INFO perfrun.perfcollector <> - format: thresh config:24-31 mask:24-31
107 [139620697786240] WARN perfrun.perfcollector <> - pmu hwInfo is not set, at file: vcs/perfrun1/plugins/perfcollector/src/controller.cpp:672
107 [139620697786240] INFO perfrun.perfcollector <> - pmu added : family : uncore_ha , id : 0
107 [139620697786240] INFO perfrun.perfcollector <> - dir found : /sys/bus/event_source/devices/uncore_ha_1
107 [139620697786240] INFO perfrun.perfcollector <> - format: inv config:23 mask:23
108 [139620697786240] INFO perfrun.perfcollector <> - format: edge config:18 mask:18
108 [139620697786240] INFO perfrun.perfcollector <> - format: event config:0-7 mask:0-7
108 [139620697786240] INFO perfrun.perfcollector <> - format: umask config:8-15 mask:8-15
108 [139620697786240] INFO perfrun.perfcollector <> - format: thresh config:24-31 mask:24-31
108 [139620697786240] WARN perfrun.perfcollector <> - pmu hwInfo is not set, at file: vcs/perfrun1/plugins/perfcollector/src/controller.cpp:672
108 [139620697786240] INFO perfrun.perfcollector <> - pmu added : family : uncore_ha , id : 1
108 [139620697786240] INFO perfrun.perfcollector <> - dir found : /sys/bus/event_source/devices/uncore_ubox
109 [139620697786240] INFO perfrun.perfcollector <> - format: inv config:23 mask:23
109 [139620697786240] INFO perfrun.perfcollector <> - format: edge config:18 mask:18
109 [139620697786240] INFO perfrun.perfcollector <> - format: event config:0-7 mask:0-7
109 [139620697786240] INFO perfrun.perfcollector <> - format: umask config:8-15 mask:8-15
109 [139620697786240] INFO perfrun.perfcollector <> - format: filter_cid config1:5 mask:5
109 [139620697786240] INFO perfrun.perfcollector <> - format: filter_tid config1:0 mask:0
109 [139620697786240] INFO perfrun.perfcollector <> - format: thresh config:24-28 mask:24-28
109 [139620697786240] WARN perfrun.perfcollector <> - pmu hwInfo is not set, at file: vcs/perfrun1/plugins/perfcollector/src/controller.cpp:672
109 [139620697786240] INFO perfrun.perfcollector <> - pmu added : family : uncore_ubox , id : 0
110 [139620697786240] INFO perfrun.launcher <> - plugin perf has been added successfully
110 [139620697786240] INFO perfrun.launcher <> - plugin tpss has been added successfully
110 [139620697786240] INFO perfrun.launcher <> - plugin exprof has been added successfully
110 [139620697786240] INFO perfrun.launcher <> - plugin media has been added successfully
110 [139620697786240] INFO perfrun.launcher <> - plugin cve has been added successfully
110 [139620697786240] INFO perfrun.launcher <> - plugin  has been added successfully
110 [139620697786240] INFO perfrun.launcher <> - plugin  has been added successfully
110 [139620697786240] INFO perfrun.launcher <> - plugin parallelfs has been added successfully
110 [139620697786240] INFO perfrun.launcher <> - plugin power has been added successfully
111 [139620697786240] INFO perfrun.launcher <> - the option was added --interval: Specify an interval of data collection (for example, sampling) in milliseconds.
111 [139620697786240] INFO perfrun.launcher <> - the option was added --follow-child: Profile process with or without children.
111 [139620697786240] INFO perfrun.launcher <> - the option was added --gelding: BADMSG: perfrun1.launcher.plugin_manager::gelding
111 [139620697786240] INFO perfrun.launcher <> - the option was added --time-source: Specify time source for measurement. Possible values: sys - wall clock time; tsc - time stamp counter; ext - time from an external source; auto - auto select accurate time source.
111 [139620697786240] INFO perfrun.launcher <> - the option was added --stack: Enable or disable collection of stacks.
111 [139620697786240] INFO perfrun.launcher <> - the option was added --stack-stitching: Enable or disable the stack stitching algorithm for Intel TBB-based applications.
111 [139620697786240] INFO perfrun.launcher <> - the option was added --type: Specify type of data to be collected. For example, --type cpu:counters,waiting:nostack,io.
111 [139620697786240] INFO perfrun.launcher <> - the option was added --mrte-mode: Specify Java/.NET/other managed runtime collection mode. Possible values: native - collect information only for native code; managed - collect information only for managed code; mixed - collect information for both managed and native code; auto - choose the mode based on binary type.
111 [139620697786240] INFO perfrun.launcher <> - the option was added --mrte-mode-list: List supported Java/.NET/other managed runtime collection modes.
111 [139620697786240] INFO perfrun.launcher <> - the option was added --mrte-type: Specify which managed runtimes to collect. Possible values: java - collect information for Java; dotnet - collect information for .NET; python - collect information for CPython. You can specify several values separated by comma.
111 [139620697786240] INFO perfrun.launcher <> - the option was added --mrte-type-list: List supported Java/.NET/other managed runtime types.
111 [139620697786240] INFO perfrun.launcher <> - the option was added --trace-strategy: Specify how to profile a process tree. <string> can be "<process>:trace:notrace" - profile the process but do not profile its children. Shorthand parameters: t - trace, nt - notrace. For example, "vtunedemo.exe:t:t".
111 [139620697786240] INFO perfrun.launcher <> - the option was added --collector: BADMSG: perfrun1.launcher.plugin_manager::collector
112 [139620697786240] INFO perfrun.launcher <> - the option was added --system-wide: Enable system-wide profiling. This mode may require additional permissions.
112 [139620697786240] INFO perfrun.launcher <> - the option was added --kvm-guest: Enable KVM guest OS profiling.
112 [139620697786240] INFO perfrun.launcher <> - the option was added --kvm-guest-kallsyms: Specify a local path to the /proc/kallsyms file copied from the guest OS for proper symbol resolution.
112 [139620697786240] INFO perfrun.launcher <> - the option was added --kvm-guest-modules: Specify a local path to the /proc/modules file copied from the guest OS for proper symbol resolution.
112 [139620697786240] INFO perfrun.launcher <> - the option was added --dump-vdso: Dump [vdso] to result directory
112 [139620697786240] INFO perfrun.launcher <> - the option was added --bandwidth-limits: Measure bandwidth limits
112 [139620697786240] INFO perfrun.launcher <> - the option was added --acrn-map-info: Collect map info for ACRN
112 [139620697786240] INFO perfrun.launcher <> - the option was added --bandwidth-strategy: Bandwidth limits determination specific properties (example: --bandwidth-strategy array-size=0,duration=500).
112 [139620697786240] INFO perfrun.launcher <> - the option was added --bandwidth-config: List of benchmarks to run.
112 [139620697786240] INFO perfrun.launcher <> - the option was added --system-collector-config: Specify subcollectors. Possible values: all, vdso, container, device-info, none.
112 [139620697786240] INFO perfrun.launcher <> - the option was added --itt-config: Specify a sub-set of ITT API to collect.
112 [139620697786240] INFO perfrun.launcher <> - the option was added --itt-debug: Set pseudo-breakpoint at ITT API collector's start to enable the debugger to attach early.
112 [139620697786240] INFO perfrun.launcher <> - the option was added --ptrace: Ptrace collector.
112 [139620697786240] INFO perfrun.launcher <> - the option was added --target-pid: BADMSG: perfrun1.ptracecollector::target-pid
112 [139620697786240] INFO perfrun.launcher <> - the option was added --ptrace-server-pid: BADMSG: perfrun1.ptracecollector::ptrace-server-pid
112 [139620697786240] INFO perfrun.launcher <> - the option was added --ptrace-trace: BADMSG: perfrun1.ptracecollector::ptrace-trace
113 [139620697786240] INFO perfrun.launcher <> - the option was added --ptrace-time-source: BADMSG: perfrun1.ptracecollector::ptrace-time-source
113 [139620697786240] INFO perfrun.launcher <> - the option was added --ptrace-start-type: BADMSG: perfrun1.ptracecollector::ptrace-start-type
113 [139620697786240] INFO perfrun.launcher <> - the option was added --gpu-config: Specify types of GPU data to be collected. Possible values: preset1, preset2.
113 [139620697786240] INFO perfrun.launcher <> - the option was added --gpu-debug: Enable self-testing of the GPGPU profiling collector.
113 [139620697786240] INFO perfrun.launcher <> - the option was added --custom-collector: Allows to provide arbitrary command line to be run on collection steps.
113 [139620697786240] INFO perfrun.launcher <> - the option was added --stdsrc-config: Specify Standard Sources category tag(s).
113 [139620697786240] INFO perfrun.launcher <> - the option was added --ftrace-config-list: List Linux Ftrace category tag(s).
113 [139620697786240] INFO perfrun.launcher <> - the option was added --ftrace-config: Specify Linux Ftrace category tag(s).
113 [139620697786240] INFO perfrun.launcher <> - the option was added --ftrace-function-groups: Enable tracing of specific groups of functions.
113 [139620697786240] INFO perfrun.launcher <> - the option was added --event-info: BADMSG: perfrun1.stdsrc::event-info
113 [139620697786240] INFO perfrun.launcher <> - the option was added --cpu-list: List supported CPUs.
113 [139620697786240] INFO perfrun.launcher <> - the option was added --target-list: List available targets for performing sampling collection.
113 [139620697786240] INFO perfrun.launcher <> - the option was added --event-value-list: Display event information.
113 [139620697786240] INFO perfrun.launcher <> - the option was added --platform-value-list: Display details of supported platforms.
113 [139620697786240] INFO perfrun.launcher <> - the option was added --uncore-event-list: List uncore events for which a sampling data collection can be performed on this platform.
113 [139620697786240] INFO perfrun.launcher <> - the option was added --modifier-list: Specify the event name <string> for which the modifiers list is requested.
114 [139620697786240] INFO perfrun.launcher <> - the option was added --pmu-list: List supported PMUs.
114 [139620697786240] INFO perfrun.launcher <> - the option was added --os-mode-only: Enable sampling data collection for OS-mode processes only.
114 [139620697786240] INFO perfrun.launcher <> - the option was added --user-mode-only: Enable sampling data collection for user-mode processes only.
114 [139620697786240] INFO perfrun.launcher <> - the option was added --event-config: Perform data collection for the events with <string> configured using the format <event name1>":modifier1=val:modifier2=val/constraint1={:modifier3=val:modifier4=val}...,"<event name2>":... Specify the events(s) to monitor and embed the event names within double quotes("). [:modifier=val] specifies individual event modifiers along with the respective values for a given platform. Note that the modifiers can be generic to an event as well as specific to a constraint (or an event qualifier). The constraint specific special modifiers appear after [/constraint=]. The modifiers can be in decimal or hexadecimal format. Only specific modifiers accept the value as a string. Each event specification is delimited by a comma (,). For a list of supported modifiers and constraints, refer to the documentation.
114 [139620697786240] INFO perfrun.launcher <> - the option was added --chipset-event-config: Perform data collection for the chipset events with <string> configured using the format "<event name1>"...,"<event name2>":... Specify the events(s) to monitor and embed the event names within double quotes(").
114 [139620697786240] INFO perfrun.launcher <> - the option was added --uncore-event-config: Perform uncore data collection in ebc count mode for the events with <string> configured using the format "<event name1>"...,"<event name2>":... Specify the events(s) to monitor and embed the event names within double quotes(").
114 [139620697786240] INFO perfrun.launcher <> - the option was added --count-emon: Enable counting mode and output the data in EMON format.
114 [139620697786240] INFO perfrun.launcher <> - the option was added --event-based-counts: Enable event-based counting mode. During sampling data collection, event counts data is collected for the list of events specified in -event-config option.
114 [139620697786240] INFO perfrun.launcher <> - the option was added --event-mux-tfactor: Specify the event multiplexing tfactor as <integer> to set the length of the interval between interrupts. The larger the tfactor value, the larger the period between interrupts. Currently this option is only available on Intel platforms codenamed Knights Corner.
114 [139620697786240] INFO perfrun.launcher <> - the option was added --full-pebs-capture: Capture full pebs information.
114 [139620697786240] INFO perfrun.launcher <> - the option was added --last-branch-records: Capture Last Branch Records information.
114 [139620697786240] INFO perfrun.launcher <> - the option was added --pmu-type: Specify the targeted PMU name as <string>.
114 [139620697786240] INFO perfrun.launcher <> - the option was added --platform-type: Specify the targeted platform number as <number>.
114 [139620697786240] INFO perfrun.launcher <> - the option was added --p-state-trigger: Specify the name of the trigger event for P-state data as <string>. The default trigger is CPU_CLK_UNHALTED.REF_TSC.
115 [139620697786240] INFO perfrun.launcher <> - the option was added --bts-count: Specify the <integer> number of BTS records collected after each sample or context switch (VTSS++ only).
115 [139620697786240] INFO perfrun.launcher <> - the option was added --cpu-mask: Specify which CPU(s) <string> to collect data on. For example, specify "2-8,10,12-14" to sample only CPUs 2 through 8, 10, and 12 through 14.
115 [139620697786240] INFO perfrun.launcher <> - the option was added --event-mux-alg: Specify the event multiplexing algorithm. Possible values: sequence, timer, trigger.
115 [139620697786240] INFO perfrun.launcher <> - the option was added --event-mux-timeslice: Specify the event multiplexing time slice value as <integer>. The time slice specifies the duration between cycles for each event multiplexing group. The default value is 50 milliseconds. This option is valid only for timer-based event multiplexing. Specify the event multiplexing time slice value as <integer>. The time slice specifies the duration between cycles for each event multiplexing group. The default value is 1 millisecond. This option is valid only for timer-based event multiplexing.
115 [139620697786240] INFO perfrun.launcher <> - the option was added --event-mux-factor: Specify the event multiplexing factor as <integer>. It controls the switching of event multiplexing groups. The default factor is 50. This option is valid only for trigger-based event multiplexing. Specify the event multiplexing factor as <integer>. It controls the switching of event multiplexing groups. The default factor is 1. This option is valid only for trigger-based event multiplexing.
115 [139620697786240] INFO perfrun.launcher <> - the option was added --event-mux-trigger: Specify the name of the trigger event for event multiplexing as <string>. This option is valid only for trigger-based event multiplexing. The default trigger is CPU_CLK_UNHALTED.CORE (or CPU_CLK_UNHALTED.THREAD). BADMSG: perfrun1.vtsspp::event-mux-trigger
115 [139620697786240] INFO perfrun.launcher <> - the option was added --pt-mode: BADMSG: perfrun1.vtsspp::pt-mode
115 [139620697786240] INFO perfrun.launcher <> - the option was added --sample-after-multiplier: Specify the sample after multiplier as <double>. This multiplier modifies the sample after value for all the events specified in -event-config option. The values can range from 0.1 to 100.0. SAV multiplier value
115 [139620697786240] INFO perfrun.launcher <> - the option was added --uncore-sampling-interval: Specify the uncore sampling interval as <integer>. This value set the uncore sampling interval for all the uncore events specified in -event-config option.
115 [139620697786240] INFO perfrun.launcher <> - the option was added --count: Enable counting mode. Enable counting mode
115 [139620697786240] INFO perfrun.launcher <> - the option was added --trace-mpi: Configure collector to trace MPI code.
115 [139620697786240] INFO perfrun.launcher <> - the option was added --raw-perf-config: Specify a verified configuration for the Perf collector in the format: <describer>,<content>. For example: map-events-file,<path_to_map_events_file>.
115 [139620697786240] INFO perfrun.launcher <> - the option was added --sys-config: BADMSG: perfrun1.vtsspp::sys-config Specify types of system data to be collected. Supported value: cswitch - collect context switch information.
115 [139620697786240] INFO perfrun.launcher <> - the option was added --perf-event-config: Specify events for Perf collector in Perf format. For example: perf-event-config=cpu-clock.
115 [139620697786240] INFO perfrun.launcher <> - the option was added --perf-aio: Number of control blocks in asynchronous trace writing mode.
115 [139620697786240] INFO perfrun.launcher <> - the option was added --perf-compression: Specify compression of Perf collector output data. Possible levels: 0 - without compression, 1..3 - best speed, 4..22 - best compression that incurs big overhead.
116 [139620697786240] INFO perfrun.launcher <> - the option was added --perf-min-mmap-read: Minimum data size read from the kernel mapped region.
116 [139620697786240] INFO perfrun.launcher <> - the option was added --perf-affinity: Adjust an affinity mask of the Perf thread to a node with an allocated memory trace buffer.
116 [139620697786240] INFO perfrun.launcher <> - the option was added --stackwalk: Specify stack unwinding method. Possible values: online - unwind stacks during collection; offline - unwind stacks after collection is finished. Specify stack unwinding method. Possible value: lbr - unwind stacks during collection. Specify stack unwinding method. Possible values: online - unwind stacks during collection; offline - unwind stacks after collection is finished; lbr - enable LBR-based call stack collection. Specify stack unwinding method. Possible values: online - unwind stacks during collection; offline - unwind stacks after collection is finished. Specify stack unwinding method. Possible values: online - unwind stacks during collection; offline - unwind stacks after collection is finished.
116 [139620697786240] INFO perfrun.launcher <> - the option was added --filter-include: Filter data during collection. Possible values: contended=<on|off> - filter out uncontended events; contended_nostack=<time> - filter out stacks for contended events that take less than <time> microseconds; wait=<time> - ignore transitions and blocks with wait time less than <time> microseconds; wait_nostack=<time> - filter out stacks for waits that take less than <time> microseconds.
116 [139620697786240] INFO perfrun.launcher <> - the option was added --debug-pin: Debug PIN tool and runtime.
116 [139620697786240] INFO perfrun.launcher <> - the option was added --debug-exception: Disallow the application to set own abnormal termination handler.
116 [139620697786240] INFO perfrun.launcher <> - the option was added --trace-type: Specify the trace file granularity. Possible values: per-thread - per-thread trace file generation; per-process - per-process trace file generation.
116 [139620697786240] INFO perfrun.launcher <> - the option was added --instrumentation-type: Specify type of instrumentation.
116 [139620697786240] INFO perfrun.launcher <> - the option was added --altstack: Enable or disable usage of altstacks for profiling signal handlers.
116 [139620697786240] INFO perfrun.launcher <> - the option was added --profiling-signal: BADMSG: perfrun1.ptracecollector::profiling-signal Alternate profiling signal.
116 [139620697786240] INFO perfrun.launcher <> - the option was added --memory-strategy: Specify a minimal memory object size to be traced and a hash table size for faster objects search; for example: --memory-strategy obj-size-min=1024,hash-table-size=4096.
116 [139620697786240] INFO perfrun.launcher <> - the option was added --opencl-trace-mode: Specify OpenCL kernel tracing modes: 'default' to trace OpenCL kernels for Intel Graphics Driver only; 'epoch' for any non-Intel graphics, where OpenCL kernels will be traced and OpenCL profiling API timestamps will be interpreted as Unux Epoch time in nanoseconds; 'completion' to trace OpenCL kernels for any Graphics Driver and bind OpenCL profiling API timestamps to the timestamp of OpenCL completion callback.
116 [139620697786240] INFO perfrun.launcher <> - the option was added --exprof-com-list: List available COM ports.
116 [139620697786240] INFO perfrun.launcher <> - the option was added --exprof-dvc-list: List available DvC IDs.
117 [139620697786240] INFO perfrun.launcher <> - the option was added --exprof-trace-channel: BADMSG: perfrun1.exprof::exprof-trace-channel
117 [139620697786240] INFO perfrun.launcher <> - the option was added --exprof-event-config: Specify ExactProfiling Event Classes.
117 [139620697786240] INFO perfrun.launcher <> - the option was added --parallel-fs-config: Specify parallel fs counters to collect.
117 [139620697786240] INFO perfrun.launcher <> - the option was added --pwr-config: BADMSG: perfrun1.vtsspp::pwr-config Specify power metrics configuration.
117 [139620697786240] INFO perfrun.launcher <> - the option was added --socwatch-dir: Specify a directory where Intel SoC Watch collector is installed.
121 [139620697786240] INFO perfrun.launcher <> - create msngr2::ICliToolContext
121 [139620697786240] INFO perfrun.launcher <> - create file finder object
121 [139620697786240] INFO perfrun.launcher <> - create a result directory: pattern = /chpc/users/SPWang/oEFEP90/oEFEP90/src/16_metis_result.has4 pid = 4294967295
125 [139620697786240] INFO perfrun.sdk <> - checked that the directory /chpc/users/SPWang/oEFEP90/oEFEP90/src/16_metis_result.has4 is a local directory
125 [139620697786240] INFO perfrun.sdk <> - the directory /chpc/users/SPWang/oEFEP90/oEFEP90/src/16_metis_result.has4 is located on a share or its FS ID is unknown 26985
125 [139620697786240] INFO perfrun.sdk <> - checked that the directory /tmp/amplxe-tmp-SPWang is a local directory
125 [139620697786240] INFO perfrun.sdk <> - the directory /tmp/amplxe-tmp-SPWang is a local directory with FS type ID 1481003842
126 [139620697786240] INFO perfrun.launcher <> - Create a local result directory /tmp/amplxe-tmp-SPWang/amplxe-res-56162-4778830458612445 due to the user result path /chpc/users/SPWang/oEFEP90/oEFEP90/src/16_metis_result.has4 is located on a share
126 [139620697786240] INFO perfrun.launcher <> - create data directory = /tmp/amplxe-tmp-SPWang/amplxe-res-56162-4778830458612445/data.0
127 [139620697786240] INFO perfrun.launcher <> - create data directory = /chpc/users/SPWang/oEFEP90/oEFEP90/src/16_metis_result.has4/data.11
127 [139620697786240] INFO perfrun.launcher <> - Creating the master collection flag
127 [139620697786240] INFO perfrun.launcher <> - Done creating the master collection flag
130 [139620580853504] INFO perfrun.launcher <> - plugin [remoteplug] was disabled because it doesn't support the given collection type.
132 [139620580853504] INFO perfrun.sdk <> - Allocating TMU :/tmp/amplxe-tmp-SPWang/amplxe-res-56162-4778830458612445/data.0/systemcollector-56162-has4.sc
132 [139620580853504] INFO perfrun.launcher <> - plugin [ptracecollector] was disabled because it doesn't support the given collection type.
132 [139620580853504] INFO perfrun.launcher <> - plugin [gpu] was disabled because it doesn't support the given collection type.
132 [139620580853504] INFO perfrun.launcher <> - plugin [] was disabled because it doesn't support the given collection type.
132 [139620580853504] INFO perfrun.launcher <> - plugin [] was disabled because it doesn't support the given collection type.
132 [139620580853504] INFO perfrun.launcher <> - plugin [] was disabled because it doesn't support the given collection type.
132 [139620580853504] INFO perfrun.launcher <> - plugin [mrte] was disabled because it doesn't support the given collection type.
132 [139620580853504] INFO perfrun.launcher <> - plugin [emon] was disabled because it doesn't support the given collection type.
132 [139620580853504] INFO perfrun.launcher <> - plugin [cuscol] was disabled because it doesn't support the given collection type.
132 [139620580853504] INFO perfrun.launcher <> - plugin [stdsrc] was disabled because it doesn't support the given collection type.
132 [139620580853504] INFO perfrun.launcher <> - plugin [sep] was disabled because it doesn't support the given collection type.
132 [139620580853504] INFO perfrun.launcher <> - plugin [vtsspp] was disabled because it doesn't support the given collection type.
132 [139620580853504] INFO perfrun.launcher <> - plugin [perf] was disabled because it doesn't support the given collection type.
132 [139620580853504] INFO perfrun.tpss <> - initialize tpss controller
132 [139620580853504] INFO perfrun.tpss <> - configure collection mode: value = cpu:counters:nostack
132 [139620580853504] INFO perfrun.tpss <> - configure collection mode: value = cpu:stack
132 [139620580853504] INFO perfrun.tpss <> - default obj-size-min=1024
132 [139620580853504] INFO perfrun.tpss <> - default hash-table-size=0
132 [139620580853504] INFO perfrun.launcher <> - plugin [exprof] was disabled because it doesn't support the given collection type.
132 [139620580853504] INFO perfrun.launcher <> - plugin [cve] was disabled because it doesn't support the given collection type.
132 [139620580853504] INFO perfrun.launcher <> - plugin [] was disabled because it doesn't support the given collection type.
132 [139620580853504] INFO perfrun.launcher <> - plugin [] was disabled because it doesn't support the given collection type.
132 [139620580853504] INFO perfrun.launcher <> - plugin [parallelfs] was disabled because it doesn't support the given collection type.
132 [139620580853504] INFO perfrun.launcher <> - plugin [power] was disabled because it doesn't support the given collection type.
132 [139620697786240] INFO perfrun.launcher <> - set environment variable: LD_LIBRARY_PATH = /chpc/software/intel/2019-update3/vtune_amplifier_2019.3.0.591499/lib32/runtime:/chpc/software/intel/2019-update3/vtune_amplifier_2019.3.0.591499/lib64/runtime:/chpc/software/intel/2019-update3/compilers_and_libraries_2019.3.199/linux/mpi/intel64/libfabric/lib:/chpc/software/intel/2019-update3/compilers_and_libraries_2019.3.199/linux/mpi/intel64/lib/release:/chpc/software/intel/2019-update3/compilers_and_libraries_2019.3.199/linux/mpi/intel64/lib:/chpc/software/intel/2019-update3/intelpython3/lib/libfabric:/chpc/software/intel/2019-update3/intelpython3/lib:/chpc/software/intel/2019-update3/itac/2019.3.032/intel64/slib:/chpc/software/intel/2019-update3/compilers_and_libraries_2019.3.199/linux/compiler/lib/intel64_lin:/chpc/software/intel/2019-update3/compilers_and_libraries_2019.3.199/linux/ipp/lib/intel64:/chpc/software/intel/2019-update3/compilers_and_libraries_2019.3.199/linux/mkl/lib/intel64_lin:/chpc/software/intel/2019-update3/compilers_and_libraries_2019.3.199/linux/tbb/lib/intel64/gcc4.7:/chpc/software/intel/2019-update3/debugger_2019/libipt/intel64/lib:/chpc/software/intel/2019-update3/compilers_and_libraries_2019.3.199/linux/daal/lib/intel64_lin:/chpc/software/intel/2019-update3/compilers_and_libraries_2019.3.199/linux/daal/../tbb/lib/intel64_lin/gcc4.4
132 [139620697786240] INFO perfrun.launcher <> - set environment variable: INTEL_LIBITTNOTIFY32 = /chpc/software/intel/2019-update3/vtune_amplifier_2019.3.0.591499/lib32/runtime/libittnotify_collector.so
132 [139620697786240] INFO perfrun.launcher <> - set environment variable: INTEL_LIBITTNOTIFY64 = /chpc/software/intel/2019-update3/vtune_amplifier_2019.3.0.591499/lib64/runtime/libittnotify_collector.so
132 [139620697786240] INFO perfrun.launcher <> - set environment variable: INTEL_ITTNOTIFY_GROUPS = 
133 [139620697786240] INFO perfrun.launcher <> - set environment variable: INTEL_JIT_PROFILER32 = /chpc/software/intel/2019-update3/vtune_amplifier_2019.3.0.591499/lib32/runtime/libittnotify_collector.so
133 [139620697786240] INFO perfrun.launcher <> - set environment variable: INTEL_JIT_PROFILER64 = /chpc/software/intel/2019-update3/vtune_amplifier_2019.3.0.591499/lib64/runtime/libittnotify_collector.so
133 [139620697786240] INFO perfrun.launcher <> - set environment variable: VS_PROFILER = libittnotify_collector.so
133 [139620697786240] INFO perfrun.launcher <> - set environment variable: ENABLE_JITPROFILING = 1
133 [139620697786240] INFO perfrun.launcher <> - set environment variable: CL_CONFIG_USE_VTUNE = True
133 [139620697786240] INFO perfrun.launcher <> - set environment variable: __OCL_MIC_INTEL_LIBITTNOTIFY64 = /amplxe/results/libittnotify_collector.so
133 [139620697786240] INFO perfrun.launcher <> - set environment variable: __OCL_MIC_INTEL_JIT_PROFILER64 = /amplxe/results/libittnotify_collector.so
133 [139620697786240] INFO perfrun.launcher <> - set environment variable: LD_PRELOAD = libittnotify_collector.so:
133 [139620697786240] INFO perfrun.launcher <> - set environment variable: KMP_FORKJOIN_FRAMES = 0
133 [139620697786240] INFO perfrun.launcher <> - set environment variable: KMP_FORKJOIN_FRAMES_MODE = 0
133 [139620697786240] INFO perfrun.launcher <> - RpcServer: run RPC server to handle requests
134 [139620697786240] INFO perfrun.launcher <> - Launcher: command line to start before modification = ./a.exe
134 [139620697786240] INFO perfrun.launcher <> - Launcher: command line to start after modification = /chpc/software/intel/2019-update3/vtune_amplifier_2019.3.0.591499/bin64/pin -error_file /tmp/amplxe-tmp-SPWang/amplxe-res-56162-4778830458612445/data.0/pinerr.tpsslog -detach_reattach -follow_execv -tool_load_option deepbind -t64 /chpc/software/intel/2019-update3/vtune_amplifier_2019.3.0.591499/lib64/libtpsstool.so -t /chpc/software/intel/2019-update3/vtune_amplifier_2019.3.0.591499/lib32/libtpsstool.so -server_name tpss_ipc.56162 -prd_dir /chpc/software/intel/2019-update3/vtune_amplifier_2019.3.0.591499 -- ./a.exe
735 [139620697786240] INFO perfrun.launcher <> - ProcessCreator object was created
736 [139620697786240] INFO perfrun.launcher <> - Launcher: the process was started in suspend mode
898 [139620580853504] INFO perfrun.system <> - OpenCL gpu adapter vendor Id 4139
898 [139620580853504] WARN perfrun.system <> - Could not do anything with /sys/kernel/debug/kvm: boost::filesystem::status: Permission denied: "/sys/kernel/debug/kvm", at file: vcs/perfrun1/plugins/system/src/trace_writer.cpp:749
898 [139620580853504] WARN perfrun.system <> - Folder "/var/run/libvirt/qemu/"doesn't exist, at file: vcs/perfrun1/plugins/system/src/trace_writer.cpp:762
898 [139620580853504] INFO perfrun.itt <> - start itt controller for pid #56245
899 [139620580853504] INFO perfrun.tpss <> - start tpss controller for pid #56245
949 [139620697786240] INFO perfrun.launcher <> - Launcher: all plugins were started
950 [139620697786240] INFO perfrun.launcher <> - DirectoryMonitor object was created
950 [139620697786240] INFO perfrun.launcher <> - DirectoryMonitor: a callback was added
950 [139620697786240] INFO perfrun.launcher <> - DirectoryMonitor was started with pingTime = 1000
950 [139620697786240] INFO perfrun.launcher <> - DeadlineTimer is going to be constructed
950 [139620697786240] INFO perfrun.launcher <> - DeadlineTimer: a callback was added
951 [139620697786240] INFO perfrun.launcher <> - Launcher: resume the profiled application and  wait its termination or stop command
323067 [139620697786240] INFO perfrun.launcher <> - Launcher: the profiled application was terminated  with exit code = 0
323069 [139620580853504] INFO perfrun.itt <> - stop itt controller
323069 [139620580853504] INFO perfrun.itt <> - detach itt controller
323069 [139620580853504] INFO perfrun.tpss <> - stop tpss controller
323070 [139620580853504] INFO perfrun.sdk <> - De-allocating TMU: /tmp/amplxe-tmp-SPWang/amplxe-res-56162-4778830458612445/data.0/systemcollector-56162-has4.sc
323070 [139620580853504] INFO perfrun.system <> - closed the system trace file: /tmp/amplxe-tmp-SPWang/amplxe-res-56162-4778830458612445/data.0/systemcollector-56162-has4.sc
323070 [139620697786240] INFO perfrun.launcher <> - Launcher: all plugins were stopped.
323070 [139620697786240] INFO perfrun.launcher <> - DeadlineTimer is going to be destroyed
323070 [139620697786240] INFO perfrun.launcher <> - DirectoryMonitor object was destroyed
323070 [139620697786240] WARN perfrun.launcher <> - Stop command is ignored because it is received when collection is already stopped, at file: vcs/perfrun1/launcher/src/command_handler.cpp:212
323115 [139620697786240] INFO perfrun.launcher <> - Application exit code: 0
323115 [139620697786240] INFO perfrun.launcher <> - Exit code: 0
