14 [139681217390464] INFO perfrun.launcher <> - Launcher main begin
17 [139681217390464] INFO perfrun.launcher <> - MessageCatalogInit finished
17 [139681217390464] INFO perfrun.launcher <> - Launcher instance created
17 [139681217390464] INFO perfrun.launcher <> - argc = 6; cmdline = /chpc/software/intel/2019-update3/vtune_amplifier_2019.3.0.591499/bin64/amplxe-runss -dump-vdso -r /tmp/amplxe-tmp-SPWang/amplxe-res-56125-4778830141280677 --tmp-dir /tmp/amplxe-tmp-SPWang 
48 [139681217390464] INFO perfrun.launcher <> - plugin remoteplug has been added successfully
48 [139681217390464] INFO perfrun.launcher <> - plugin system has been added successfully
48 [139681217390464] INFO perfrun.launcher <> - plugin itt has been added successfully
48 [139681217390464] INFO perfrun.launcher <> - plugin ptracecollector has been added successfully
48 [139681217390464] INFO perfrun.launcher <> - plugin gpu has been added successfully
48 [139681217390464] INFO perfrun.launcher <> - plugin  has been added successfully
48 [139681217390464] INFO perfrun.launcher <> - plugin  has been added successfully
48 [139681217390464] INFO perfrun.launcher <> - plugin  has been added successfully
48 [139681217390464] INFO perfrun.launcher <> - plugin mrte has been added successfully
48 [139681217390464] INFO perfrun.launcher <> - plugin emon has been added successfully
48 [139681217390464] INFO perfrun.launcher <> - plugin cuscol has been added successfully
48 [139681217390464] INFO perfrun.launcher <> - plugin stdsrc has been added successfully
48 [139681217390464] INFO perfrun.launcher <> - plugin sep has been added successfully
48 [139681217390464] INFO perfrun.launcher <> - plugin vtsspp has been added successfully
49 [139681217390464] INFO perfrun.sdk <> - Reading value (2) from file: /proc/sys/kernel/perf_event_paranoid
51 [139681217390464] INFO perfrun.perfcollector <> - cpu: family = 6 model = 63
51 [139681217390464] INFO perfrun.perfcollector <> - dir found : /sys/bus/event_source/devices/cpu
52 [139681217390464] INFO perfrun.perfcollector <> - format: pc config:19 mask:19
52 [139681217390464] INFO perfrun.perfcollector <> - format: any config:21 mask:21
52 [139681217390464] INFO perfrun.perfcollector <> - format: inv config:23 mask:23
52 [139681217390464] INFO perfrun.perfcollector <> - format: edge config:18 mask:18
52 [139681217390464] INFO perfrun.perfcollector <> - format: cmask config:24-31 mask:24-31
53 [139681217390464] INFO perfrun.perfcollector <> - format: event config:0-7 mask:0-7
53 [139681217390464] INFO perfrun.perfcollector <> - format: ldlat config1:0-15 mask:0-15
53 [139681217390464] INFO perfrun.perfcollector <> - format: umask config:8-15 mask:8-15
53 [139681217390464] INFO perfrun.perfcollector <> - format: offcore_rsp config1:0-63 mask:0-63
53 [139681217390464] INFO perfrun.perfcollector <> - hwInfo : PERF_CPU_PMU_DETAILS
53 [139681217390464] INFO perfrun.perfcollector <> - pmu added : family : cpu , id : 0
53 [139681217390464] INFO perfrun.perfcollector <> - dir found : /sys/bus/event_source/devices/msr
53 [139681217390464] INFO perfrun.perfcollector <> - format: event config:0-63 mask:0-63
53 [139681217390464] WARN perfrun.perfcollector <> - pmu hwInfo is not set, at file: vcs/perfrun1/plugins/perfcollector/src/controller.cpp:672
54 [139681217390464] INFO perfrun.perfcollector <> - pmu added : family : msr , id : 0
54 [139681217390464] INFO perfrun.perfcollector <> - dir found : /sys/bus/event_source/devices/uncore_cbox_10
54 [139681217390464] INFO perfrun.perfcollector <> - format: edge config:18 mask:18
54 [139681217390464] INFO perfrun.perfcollector <> - format: event config:0-7 mask:0-7
54 [139681217390464] INFO perfrun.perfcollector <> - format: umask config:8-15 mask:8-15
54 [139681217390464] INFO perfrun.perfcollector <> - format: filter_c6 config1:61 mask:61
54 [139681217390464] INFO perfrun.perfcollector <> - format: filter_nc config1:62 mask:62
55 [139681217390464] INFO perfrun.perfcollector <> - format: filter_isoc config1:63 mask:63
55 [139681217390464] INFO perfrun.perfcollector <> - format: filter_link config1:6-8 mask:6-8
55 [139681217390464] INFO perfrun.perfcollector <> - format: filter_nid config1:32-47 mask:32-47
55 [139681217390464] INFO perfrun.perfcollector <> - format: filter_opc config1:52-60 mask:52-60
55 [139681217390464] INFO perfrun.perfcollector <> - format: filter_tid config1:0-5 mask:0-5
55 [139681217390464] INFO perfrun.perfcollector <> - format: tid_en config:19 mask:19
55 [139681217390464] INFO perfrun.perfcollector <> - format: thresh config:24-31 mask:24-31
55 [139681217390464] INFO perfrun.perfcollector <> - format: filter_state config1:17-23 mask:17-23
55 [139681217390464] WARN perfrun.perfcollector <> - pmu hwInfo is not set, at file: vcs/perfrun1/plugins/perfcollector/src/controller.cpp:672
56 [139681217390464] INFO perfrun.perfcollector <> - pmu added : family : uncore_cbox , id : 10
56 [139681217390464] INFO perfrun.perfcollector <> - dir found : /sys/bus/event_source/devices/uncore_cbox_11
56 [139681217390464] INFO perfrun.perfcollector <> - format: edge config:18 mask:18
56 [139681217390464] INFO perfrun.perfcollector <> - format: event config:0-7 mask:0-7
56 [139681217390464] INFO perfrun.perfcollector <> - format: umask config:8-15 mask:8-15
56 [139681217390464] INFO perfrun.perfcollector <> - format: filter_c6 config1:61 mask:61
56 [139681217390464] INFO perfrun.perfcollector <> - format: filter_nc config1:62 mask:62
57 [139681217390464] INFO perfrun.perfcollector <> - format: filter_isoc config1:63 mask:63
57 [139681217390464] INFO perfrun.perfcollector <> - format: filter_link config1:6-8 mask:6-8
57 [139681217390464] INFO perfrun.perfcollector <> - format: filter_nid config1:32-47 mask:32-47
57 [139681217390464] INFO perfrun.perfcollector <> - format: filter_opc config1:52-60 mask:52-60
57 [139681217390464] INFO perfrun.perfcollector <> - format: filter_tid config1:0-5 mask:0-5
57 [139681217390464] INFO perfrun.perfcollector <> - format: tid_en config:19 mask:19
57 [139681217390464] INFO perfrun.perfcollector <> - format: thresh config:24-31 mask:24-31
57 [139681217390464] INFO perfrun.perfcollector <> - format: filter_state config1:17-23 mask:17-23
57 [139681217390464] WARN perfrun.perfcollector <> - pmu hwInfo is not set, at file: vcs/perfrun1/plugins/perfcollector/src/controller.cpp:672
57 [139681217390464] INFO perfrun.perfcollector <> - pmu added : family : uncore_cbox , id : 11
57 [139681217390464] INFO perfrun.perfcollector <> - dir found : /sys/bus/event_source/devices/uncore_cbox_12
57 [139681217390464] INFO perfrun.perfcollector <> - format: edge config:18 mask:18
57 [139681217390464] INFO perfrun.perfcollector <> - format: event config:0-7 mask:0-7
57 [139681217390464] INFO perfrun.perfcollector <> - format: umask config:8-15 mask:8-15
58 [139681217390464] INFO perfrun.perfcollector <> - format: filter_c6 config1:61 mask:61
58 [139681217390464] INFO perfrun.perfcollector <> - format: filter_nc config1:62 mask:62
58 [139681217390464] INFO perfrun.perfcollector <> - format: filter_isoc config1:63 mask:63
58 [139681217390464] INFO perfrun.perfcollector <> - format: filter_link config1:6-8 mask:6-8
58 [139681217390464] INFO perfrun.perfcollector <> - format: filter_nid config1:32-47 mask:32-47
58 [139681217390464] INFO perfrun.perfcollector <> - format: filter_opc config1:52-60 mask:52-60
58 [139681217390464] INFO perfrun.perfcollector <> - format: filter_tid config1:0-5 mask:0-5
58 [139681217390464] INFO perfrun.perfcollector <> - format: tid_en config:19 mask:19
58 [139681217390464] INFO perfrun.perfcollector <> - format: thresh config:24-31 mask:24-31
58 [139681217390464] INFO perfrun.perfcollector <> - format: filter_state config1:17-23 mask:17-23
58 [139681217390464] WARN perfrun.perfcollector <> - pmu hwInfo is not set, at file: vcs/perfrun1/plugins/perfcollector/src/controller.cpp:672
58 [139681217390464] INFO perfrun.perfcollector <> - pmu added : family : uncore_cbox , id : 12
58 [139681217390464] INFO perfrun.perfcollector <> - dir found : /sys/bus/event_source/devices/uncore_cbox_13
59 [139681217390464] INFO perfrun.perfcollector <> - format: edge config:18 mask:18
59 [139681217390464] INFO perfrun.perfcollector <> - format: event config:0-7 mask:0-7
59 [139681217390464] INFO perfrun.perfcollector <> - format: umask config:8-15 mask:8-15
59 [139681217390464] INFO perfrun.perfcollector <> - format: filter_c6 config1:61 mask:61
59 [139681217390464] INFO perfrun.perfcollector <> - format: filter_nc config1:62 mask:62
59 [139681217390464] INFO perfrun.perfcollector <> - format: filter_isoc config1:63 mask:63
59 [139681217390464] INFO perfrun.perfcollector <> - format: filter_link config1:6-8 mask:6-8
59 [139681217390464] INFO perfrun.perfcollector <> - format: filter_nid config1:32-47 mask:32-47
59 [139681217390464] INFO perfrun.perfcollector <> - format: filter_opc config1:52-60 mask:52-60
59 [139681217390464] INFO perfrun.perfcollector <> - format: filter_tid config1:0-5 mask:0-5
60 [139681217390464] INFO perfrun.perfcollector <> - format: tid_en config:19 mask:19
60 [139681217390464] INFO perfrun.perfcollector <> - format: thresh config:24-31 mask:24-31
60 [139681217390464] INFO perfrun.perfcollector <> - format: filter_state config1:17-23 mask:17-23
60 [139681217390464] WARN perfrun.perfcollector <> - pmu hwInfo is not set, at file: vcs/perfrun1/plugins/perfcollector/src/controller.cpp:672
60 [139681217390464] INFO perfrun.perfcollector <> - pmu added : family : uncore_cbox , id : 13
60 [139681217390464] INFO perfrun.perfcollector <> - dir found : /sys/bus/event_source/devices/software
60 [139681217390464] WARN perfrun.perfcollector <> - format subdir doesn't exist, at file: vcs/perfrun1/plugins/perfcollector/src/controller.cpp:593
60 [139681217390464] WARN perfrun.perfcollector <> - pmu hwInfo is not set, at file: vcs/perfrun1/plugins/perfcollector/src/controller.cpp:672
60 [139681217390464] INFO perfrun.perfcollector <> - pmu added : family : software , id : 0
60 [139681217390464] INFO perfrun.perfcollector <> - dir found : /sys/bus/event_source/devices/power
60 [139681217390464] INFO perfrun.perfcollector <> - format: event config:0-7 mask:0-7
60 [139681217390464] WARN perfrun.perfcollector <> - pmu hwInfo is not set, at file: vcs/perfrun1/plugins/perfcollector/src/controller.cpp:672
60 [139681217390464] INFO perfrun.perfcollector <> - pmu added : family : power , id : 0
61 [139681217390464] INFO perfrun.perfcollector <> - dir found : /sys/bus/event_source/devices/uncore_pcu
61 [139681217390464] INFO perfrun.perfcollector <> - format: inv config:23 mask:23
61 [139681217390464] INFO perfrun.perfcollector <> - format: occ_invert config:30 mask:30
61 [139681217390464] INFO perfrun.perfcollector <> - format: edge config:18 mask:18
61 [139681217390464] INFO perfrun.perfcollector <> - format: event config:0-7 mask:0-7
61 [139681217390464] INFO perfrun.perfcollector <> - format: occ_sel config:14-15 mask:14-15
61 [139681217390464] INFO perfrun.perfcollector <> - format: thresh config:24-28 mask:24-28
61 [139681217390464] INFO perfrun.perfcollector <> - format: filter_band0 config1:0-7 mask:0-7
61 [139681217390464] INFO perfrun.perfcollector <> - format: filter_band1 config1:8-15 mask:8-15
61 [139681217390464] INFO perfrun.perfcollector <> - format: filter_band2 config1:16-23 mask:16-23
62 [139681217390464] INFO perfrun.perfcollector <> - format: filter_band3 config1:24-31 mask:24-31
62 [139681217390464] INFO perfrun.perfcollector <> - format: occ_edge config:14-51 mask:14-51
62 [139681217390464] WARN perfrun.perfcollector <> - pmu hwInfo is not set, at file: vcs/perfrun1/plugins/perfcollector/src/controller.cpp:672
62 [139681217390464] INFO perfrun.perfcollector <> - pmu added : family : uncore_pcu , id : 0
62 [139681217390464] INFO perfrun.perfcollector <> - dir found : /sys/bus/event_source/devices/tracepoint
62 [139681217390464] WARN perfrun.perfcollector <> - format subdir doesn't exist, at file: vcs/perfrun1/plugins/perfcollector/src/controller.cpp:593
62 [139681217390464] WARN perfrun.perfcollector <> - pmu hwInfo is not set, at file: vcs/perfrun1/plugins/perfcollector/src/controller.cpp:672
62 [139681217390464] INFO perfrun.perfcollector <> - pmu added : family : tracepoint , id : 0
62 [139681217390464] INFO perfrun.perfcollector <> - dir found : /sys/bus/event_source/devices/uncore_imc_0
62 [139681217390464] INFO perfrun.perfcollector <> - format: inv config:23 mask:23
63 [139681217390464] INFO perfrun.perfcollector <> - format: edge config:18 mask:18
63 [139681217390464] INFO perfrun.perfcollector <> - format: event config:0-7 mask:0-7
63 [139681217390464] INFO perfrun.perfcollector <> - format: umask config:8-15 mask:8-15
63 [139681217390464] INFO perfrun.perfcollector <> - format: thresh config:24-31 mask:24-31
63 [139681217390464] INFO perfrun.perfcollector <> - hwInfo : PERF_IMC_PMU_DETAILS
63 [139681217390464] INFO perfrun.perfcollector <> - pmu added : family : uncore_imc , id : 0
63 [139681217390464] INFO perfrun.perfcollector <> - dir found : /sys/bus/event_source/devices/uncore_imc_1
63 [139681217390464] INFO perfrun.perfcollector <> - format: inv config:23 mask:23
63 [139681217390464] INFO perfrun.perfcollector <> - format: edge config:18 mask:18
64 [139681217390464] INFO perfrun.perfcollector <> - format: event config:0-7 mask:0-7
64 [139681217390464] INFO perfrun.perfcollector <> - format: umask config:8-15 mask:8-15
64 [139681217390464] INFO perfrun.perfcollector <> - format: thresh config:24-31 mask:24-31
64 [139681217390464] INFO perfrun.perfcollector <> - hwInfo : PERF_IMC_PMU_DETAILS
64 [139681217390464] INFO perfrun.perfcollector <> - pmu added : family : uncore_imc , id : 1
64 [139681217390464] INFO perfrun.perfcollector <> - dir found : /sys/bus/event_source/devices/uncore_imc_4
64 [139681217390464] INFO perfrun.perfcollector <> - format: inv config:23 mask:23
64 [139681217390464] INFO perfrun.perfcollector <> - format: edge config:18 mask:18
65 [139681217390464] INFO perfrun.perfcollector <> - format: event config:0-7 mask:0-7
65 [139681217390464] INFO perfrun.perfcollector <> - format: umask config:8-15 mask:8-15
65 [139681217390464] INFO perfrun.perfcollector <> - format: thresh config:24-31 mask:24-31
65 [139681217390464] INFO perfrun.perfcollector <> - hwInfo : PERF_IMC_PMU_DETAILS
65 [139681217390464] INFO perfrun.perfcollector <> - pmu added : family : uncore_imc , id : 4
65 [139681217390464] INFO perfrun.perfcollector <> - dir found : /sys/bus/event_source/devices/uncore_imc_5
65 [139681217390464] INFO perfrun.perfcollector <> - format: inv config:23 mask:23
65 [139681217390464] INFO perfrun.perfcollector <> - format: edge config:18 mask:18
65 [139681217390464] INFO perfrun.perfcollector <> - format: event config:0-7 mask:0-7
66 [139681217390464] INFO perfrun.perfcollector <> - format: umask config:8-15 mask:8-15
66 [139681217390464] INFO perfrun.perfcollector <> - format: thresh config:24-31 mask:24-31
66 [139681217390464] INFO perfrun.perfcollector <> - hwInfo : PERF_IMC_PMU_DETAILS
66 [139681217390464] INFO perfrun.perfcollector <> - pmu added : family : uncore_imc , id : 5
66 [139681217390464] INFO perfrun.perfcollector <> - dir found : /sys/bus/event_source/devices/uncore_qpi_0
66 [139681217390464] INFO perfrun.perfcollector <> - format: inv config:23 mask:23
66 [139681217390464] INFO perfrun.perfcollector <> - format: edge config:18 mask:18
66 [139681217390464] INFO perfrun.perfcollector <> - format: match_rnid4 config1:31 mask:31
66 [139681217390464] INFO perfrun.perfcollector <> - format: event config:0-7,21 mask:0-7,21
67 [139681217390464] INFO perfrun.perfcollector <> - format: mask0 config2:0-31 mask:0-31
67 [139681217390464] INFO perfrun.perfcollector <> - format: mask1 config2:32-63 mask:32-63
67 [139681217390464] INFO perfrun.perfcollector <> - format: umask config:8-15 mask:8-15
67 [139681217390464] INFO perfrun.perfcollector <> - format: mask_rnid30 config2:32-35 mask:32-35
67 [139681217390464] INFO perfrun.perfcollector <> - format: match_rnid30 config1:32-35 mask:32-35
67 [139681217390464] INFO perfrun.perfcollector <> - format: match_dnid config1:13-17 mask:13-17
67 [139681217390464] INFO perfrun.perfcollector <> - format: mask_mc config2:9-12 mask:9-12
67 [139681217390464] INFO perfrun.perfcollector <> - format: mask_dnid config2:13-17 mask:13-17
67 [139681217390464] INFO perfrun.perfcollector <> - format: match_opc config1:5-8 mask:5-8
67 [139681217390464] INFO perfrun.perfcollector <> - format: match_rds config1:48-51 mask:48-51
68 [139681217390464] INFO perfrun.perfcollector <> - format: match_vnw config1:3-4 mask:3-4
68 [139681217390464] INFO perfrun.perfcollector <> - format: mask_opc config2:5-8 mask:5-8
68 [139681217390464] INFO perfrun.perfcollector <> - format: mask_rds config2:48-51 mask:48-51
68 [139681217390464] INFO perfrun.perfcollector <> - format: mask_vnw config2:3-4 mask:3-4
68 [139681217390464] INFO perfrun.perfcollector <> - format: match_mc config1:9-12 mask:9-12
68 [139681217390464] INFO perfrun.perfcollector <> - format: match0 config1:0-31 mask:0-31
68 [139681217390464] INFO perfrun.perfcollector <> - format: match1 config1:32-63 mask:32-63
68 [139681217390464] INFO perfrun.perfcollector <> - format: mask_rnid4 config2:31 mask:31
68 [139681217390464] INFO perfrun.perfcollector <> - format: thresh config:24-31 mask:24-31
68 [139681217390464] INFO perfrun.perfcollector <> - hwInfo : PERF_QPI_PMU_DETAILS
69 [139681217390464] INFO perfrun.perfcollector <> - pmu added : family : uncore_qpi , id : 0
69 [139681217390464] INFO perfrun.perfcollector <> - dir found : /sys/bus/event_source/devices/uncore_qpi_1
69 [139681217390464] INFO perfrun.perfcollector <> - format: inv config:23 mask:23
69 [139681217390464] INFO perfrun.perfcollector <> - format: edge config:18 mask:18
69 [139681217390464] INFO perfrun.perfcollector <> - format: match_rnid4 config1:31 mask:31
69 [139681217390464] INFO perfrun.perfcollector <> - format: event config:0-7,21 mask:0-7,21
70 [139681217390464] INFO perfrun.perfcollector <> - format: mask0 config2:0-31 mask:0-31
70 [139681217390464] INFO perfrun.perfcollector <> - format: mask1 config2:32-63 mask:32-63
70 [139681217390464] INFO perfrun.perfcollector <> - format: umask config:8-15 mask:8-15
70 [139681217390464] INFO perfrun.perfcollector <> - format: mask_rnid30 config2:32-35 mask:32-35
70 [139681217390464] INFO perfrun.perfcollector <> - format: match_rnid30 config1:32-35 mask:32-35
70 [139681217390464] INFO perfrun.perfcollector <> - format: match_dnid config1:13-17 mask:13-17
70 [139681217390464] INFO perfrun.perfcollector <> - format: mask_mc config2:9-12 mask:9-12
70 [139681217390464] INFO perfrun.perfcollector <> - format: mask_dnid config2:13-17 mask:13-17
70 [139681217390464] INFO perfrun.perfcollector <> - format: match_opc config1:5-8 mask:5-8
71 [139681217390464] INFO perfrun.perfcollector <> - format: match_rds config1:48-51 mask:48-51
71 [139681217390464] INFO perfrun.perfcollector <> - format: match_vnw config1:3-4 mask:3-4
71 [139681217390464] INFO perfrun.perfcollector <> - format: mask_opc config2:5-8 mask:5-8
71 [139681217390464] INFO perfrun.perfcollector <> - format: mask_rds config2:48-51 mask:48-51
71 [139681217390464] INFO perfrun.perfcollector <> - format: mask_vnw config2:3-4 mask:3-4
71 [139681217390464] INFO perfrun.perfcollector <> - format: match_mc config1:9-12 mask:9-12
71 [139681217390464] INFO perfrun.perfcollector <> - format: match0 config1:0-31 mask:0-31
72 [139681217390464] INFO perfrun.perfcollector <> - format: match1 config1:32-63 mask:32-63
72 [139681217390464] INFO perfrun.perfcollector <> - format: mask_rnid4 config2:31 mask:31
72 [139681217390464] INFO perfrun.perfcollector <> - format: thresh config:24-31 mask:24-31
72 [139681217390464] INFO perfrun.perfcollector <> - hwInfo : PERF_QPI_PMU_DETAILS
72 [139681217390464] INFO perfrun.perfcollector <> - pmu added : family : uncore_qpi , id : 1
72 [139681217390464] INFO perfrun.perfcollector <> - dir found : /sys/bus/event_source/devices/uncore_cbox_0
72 [139681217390464] INFO perfrun.perfcollector <> - format: edge config:18 mask:18
73 [139681217390464] INFO perfrun.perfcollector <> - format: event config:0-7 mask:0-7
73 [139681217390464] INFO perfrun.perfcollector <> - format: umask config:8-15 mask:8-15
73 [139681217390464] INFO perfrun.perfcollector <> - format: filter_c6 config1:61 mask:61
73 [139681217390464] INFO perfrun.perfcollector <> - format: filter_nc config1:62 mask:62
73 [139681217390464] INFO perfrun.perfcollector <> - format: filter_isoc config1:63 mask:63
73 [139681217390464] INFO perfrun.perfcollector <> - format: filter_link config1:6-8 mask:6-8
73 [139681217390464] INFO perfrun.perfcollector <> - format: filter_nid config1:32-47 mask:32-47
73 [139681217390464] INFO perfrun.perfcollector <> - format: filter_opc config1:52-60 mask:52-60
73 [139681217390464] INFO perfrun.perfcollector <> - format: filter_tid config1:0-5 mask:0-5
74 [139681217390464] INFO perfrun.perfcollector <> - format: tid_en config:19 mask:19
74 [139681217390464] INFO perfrun.perfcollector <> - format: thresh config:24-31 mask:24-31
74 [139681217390464] INFO perfrun.perfcollector <> - format: filter_state config1:17-23 mask:17-23
74 [139681217390464] WARN perfrun.perfcollector <> - pmu hwInfo is not set, at file: vcs/perfrun1/plugins/perfcollector/src/controller.cpp:672
74 [139681217390464] INFO perfrun.perfcollector <> - pmu added : family : uncore_cbox , id : 0
74 [139681217390464] INFO perfrun.perfcollector <> - dir found : /sys/bus/event_source/devices/uncore_cbox_1
74 [139681217390464] INFO perfrun.perfcollector <> - format: edge config:18 mask:18
75 [139681217390464] INFO perfrun.perfcollector <> - format: event config:0-7 mask:0-7
75 [139681217390464] INFO perfrun.perfcollector <> - format: umask config:8-15 mask:8-15
75 [139681217390464] INFO perfrun.perfcollector <> - format: filter_c6 config1:61 mask:61
75 [139681217390464] INFO perfrun.perfcollector <> - format: filter_nc config1:62 mask:62
75 [139681217390464] INFO perfrun.perfcollector <> - format: filter_isoc config1:63 mask:63
75 [139681217390464] INFO perfrun.perfcollector <> - format: filter_link config1:6-8 mask:6-8
76 [139681217390464] INFO perfrun.perfcollector <> - format: filter_nid config1:32-47 mask:32-47
76 [139681217390464] INFO perfrun.perfcollector <> - format: filter_opc config1:52-60 mask:52-60
76 [139681217390464] INFO perfrun.perfcollector <> - format: filter_tid config1:0-5 mask:0-5
76 [139681217390464] INFO perfrun.perfcollector <> - format: tid_en config:19 mask:19
76 [139681217390464] INFO perfrun.perfcollector <> - format: thresh config:24-31 mask:24-31
76 [139681217390464] INFO perfrun.perfcollector <> - format: filter_state config1:17-23 mask:17-23
76 [139681217390464] WARN perfrun.perfcollector <> - pmu hwInfo is not set, at file: vcs/perfrun1/plugins/perfcollector/src/controller.cpp:672
77 [139681217390464] INFO perfrun.perfcollector <> - pmu added : family : uncore_cbox , id : 1
77 [139681217390464] INFO perfrun.perfcollector <> - dir found : /sys/bus/event_source/devices/uncore_cbox_2
77 [139681217390464] INFO perfrun.perfcollector <> - format: edge config:18 mask:18
77 [139681217390464] INFO perfrun.perfcollector <> - format: event config:0-7 mask:0-7
77 [139681217390464] INFO perfrun.perfcollector <> - format: umask config:8-15 mask:8-15
77 [139681217390464] INFO perfrun.perfcollector <> - format: filter_c6 config1:61 mask:61
78 [139681217390464] INFO perfrun.perfcollector <> - format: filter_nc config1:62 mask:62
78 [139681217390464] INFO perfrun.perfcollector <> - format: filter_isoc config1:63 mask:63
78 [139681217390464] INFO perfrun.perfcollector <> - format: filter_link config1:6-8 mask:6-8
78 [139681217390464] INFO perfrun.perfcollector <> - format: filter_nid config1:32-47 mask:32-47
78 [139681217390464] INFO perfrun.perfcollector <> - format: filter_opc config1:52-60 mask:52-60
78 [139681217390464] INFO perfrun.perfcollector <> - format: filter_tid config1:0-5 mask:0-5
78 [139681217390464] INFO perfrun.perfcollector <> - format: tid_en config:19 mask:19
78 [139681217390464] INFO perfrun.perfcollector <> - format: thresh config:24-31 mask:24-31
79 [139681217390464] INFO perfrun.perfcollector <> - format: filter_state config1:17-23 mask:17-23
79 [139681217390464] WARN perfrun.perfcollector <> - pmu hwInfo is not set, at file: vcs/perfrun1/plugins/perfcollector/src/controller.cpp:672
79 [139681217390464] INFO perfrun.perfcollector <> - pmu added : family : uncore_cbox , id : 2
79 [139681217390464] INFO perfrun.perfcollector <> - dir found : /sys/bus/event_source/devices/uncore_cbox_3
79 [139681217390464] INFO perfrun.perfcollector <> - format: edge config:18 mask:18
79 [139681217390464] INFO perfrun.perfcollector <> - format: event config:0-7 mask:0-7
80 [139681217390464] INFO perfrun.perfcollector <> - format: umask config:8-15 mask:8-15
80 [139681217390464] INFO perfrun.perfcollector <> - format: filter_c6 config1:61 mask:61
80 [139681217390464] INFO perfrun.perfcollector <> - format: filter_nc config1:62 mask:62
80 [139681217390464] INFO perfrun.perfcollector <> - format: filter_isoc config1:63 mask:63
80 [139681217390464] INFO perfrun.perfcollector <> - format: filter_link config1:6-8 mask:6-8
80 [139681217390464] INFO perfrun.perfcollector <> - format: filter_nid config1:32-47 mask:32-47
81 [139681217390464] INFO perfrun.perfcollector <> - format: filter_opc config1:52-60 mask:52-60
81 [139681217390464] INFO perfrun.perfcollector <> - format: filter_tid config1:0-5 mask:0-5
81 [139681217390464] INFO perfrun.perfcollector <> - format: tid_en config:19 mask:19
81 [139681217390464] INFO perfrun.perfcollector <> - format: thresh config:24-31 mask:24-31
81 [139681217390464] INFO perfrun.perfcollector <> - format: filter_state config1:17-23 mask:17-23
81 [139681217390464] WARN perfrun.perfcollector <> - pmu hwInfo is not set, at file: vcs/perfrun1/plugins/perfcollector/src/controller.cpp:672
81 [139681217390464] INFO perfrun.perfcollector <> - pmu added : family : uncore_cbox , id : 3
82 [139681217390464] INFO perfrun.perfcollector <> - dir found : /sys/bus/event_source/devices/uncore_cbox_4
82 [139681217390464] INFO perfrun.perfcollector <> - format: edge config:18 mask:18
82 [139681217390464] INFO perfrun.perfcollector <> - format: event config:0-7 mask:0-7
82 [139681217390464] INFO perfrun.perfcollector <> - format: umask config:8-15 mask:8-15
82 [139681217390464] INFO perfrun.perfcollector <> - format: filter_c6 config1:61 mask:61
82 [139681217390464] INFO perfrun.perfcollector <> - format: filter_nc config1:62 mask:62
83 [139681217390464] INFO perfrun.perfcollector <> - format: filter_isoc config1:63 mask:63
83 [139681217390464] INFO perfrun.perfcollector <> - format: filter_link config1:6-8 mask:6-8
83 [139681217390464] INFO perfrun.perfcollector <> - format: filter_nid config1:32-47 mask:32-47
83 [139681217390464] INFO perfrun.perfcollector <> - format: filter_opc config1:52-60 mask:52-60
83 [139681217390464] INFO perfrun.perfcollector <> - format: filter_tid config1:0-5 mask:0-5
83 [139681217390464] INFO perfrun.perfcollector <> - format: tid_en config:19 mask:19
84 [139681217390464] INFO perfrun.perfcollector <> - format: thresh config:24-31 mask:24-31
84 [139681217390464] INFO perfrun.perfcollector <> - format: filter_state config1:17-23 mask:17-23
84 [139681217390464] WARN perfrun.perfcollector <> - pmu hwInfo is not set, at file: vcs/perfrun1/plugins/perfcollector/src/controller.cpp:672
84 [139681217390464] INFO perfrun.perfcollector <> - pmu added : family : uncore_cbox , id : 4
84 [139681217390464] INFO perfrun.perfcollector <> - dir found : /sys/bus/event_source/devices/uncore_cbox_5
84 [139681217390464] INFO perfrun.perfcollector <> - format: edge config:18 mask:18
84 [139681217390464] INFO perfrun.perfcollector <> - format: event config:0-7 mask:0-7
84 [139681217390464] INFO perfrun.perfcollector <> - format: umask config:8-15 mask:8-15
85 [139681217390464] INFO perfrun.perfcollector <> - format: filter_c6 config1:61 mask:61
85 [139681217390464] INFO perfrun.perfcollector <> - format: filter_nc config1:62 mask:62
85 [139681217390464] INFO perfrun.perfcollector <> - format: filter_isoc config1:63 mask:63
85 [139681217390464] INFO perfrun.perfcollector <> - format: filter_link config1:6-8 mask:6-8
85 [139681217390464] INFO perfrun.perfcollector <> - format: filter_nid config1:32-47 mask:32-47
85 [139681217390464] INFO perfrun.perfcollector <> - format: filter_opc config1:52-60 mask:52-60
85 [139681217390464] INFO perfrun.perfcollector <> - format: filter_tid config1:0-5 mask:0-5
86 [139681217390464] INFO perfrun.perfcollector <> - format: tid_en config:19 mask:19
86 [139681217390464] INFO perfrun.perfcollector <> - format: thresh config:24-31 mask:24-31
86 [139681217390464] INFO perfrun.perfcollector <> - format: filter_state config1:17-23 mask:17-23
86 [139681217390464] WARN perfrun.perfcollector <> - pmu hwInfo is not set, at file: vcs/perfrun1/plugins/perfcollector/src/controller.cpp:672
86 [139681217390464] INFO perfrun.perfcollector <> - pmu added : family : uncore_cbox , id : 5
86 [139681217390464] INFO perfrun.perfcollector <> - dir found : /sys/bus/event_source/devices/uncore_cbox_6
87 [139681217390464] INFO perfrun.perfcollector <> - format: edge config:18 mask:18
87 [139681217390464] INFO perfrun.perfcollector <> - format: event config:0-7 mask:0-7
87 [139681217390464] INFO perfrun.perfcollector <> - format: umask config:8-15 mask:8-15
87 [139681217390464] INFO perfrun.perfcollector <> - format: filter_c6 config1:61 mask:61
87 [139681217390464] INFO perfrun.perfcollector <> - format: filter_nc config1:62 mask:62
87 [139681217390464] INFO perfrun.perfcollector <> - format: filter_isoc config1:63 mask:63
87 [139681217390464] INFO perfrun.perfcollector <> - format: filter_link config1:6-8 mask:6-8
88 [139681217390464] INFO perfrun.perfcollector <> - format: filter_nid config1:32-47 mask:32-47
88 [139681217390464] INFO perfrun.perfcollector <> - format: filter_opc config1:52-60 mask:52-60
88 [139681217390464] INFO perfrun.perfcollector <> - format: filter_tid config1:0-5 mask:0-5
88 [139681217390464] INFO perfrun.perfcollector <> - format: tid_en config:19 mask:19
88 [139681217390464] INFO perfrun.perfcollector <> - format: thresh config:24-31 mask:24-31
88 [139681217390464] INFO perfrun.perfcollector <> - format: filter_state config1:17-23 mask:17-23
88 [139681217390464] WARN perfrun.perfcollector <> - pmu hwInfo is not set, at file: vcs/perfrun1/plugins/perfcollector/src/controller.cpp:672
89 [139681217390464] INFO perfrun.perfcollector <> - pmu added : family : uncore_cbox , id : 6
89 [139681217390464] INFO perfrun.perfcollector <> - dir found : /sys/bus/event_source/devices/uncore_cbox_7
89 [139681217390464] INFO perfrun.perfcollector <> - format: edge config:18 mask:18
89 [139681217390464] INFO perfrun.perfcollector <> - format: event config:0-7 mask:0-7
89 [139681217390464] INFO perfrun.perfcollector <> - format: umask config:8-15 mask:8-15
89 [139681217390464] INFO perfrun.perfcollector <> - format: filter_c6 config1:61 mask:61
89 [139681217390464] INFO perfrun.perfcollector <> - format: filter_nc config1:62 mask:62
90 [139681217390464] INFO perfrun.perfcollector <> - format: filter_isoc config1:63 mask:63
90 [139681217390464] INFO perfrun.perfcollector <> - format: filter_link config1:6-8 mask:6-8
90 [139681217390464] INFO perfrun.perfcollector <> - format: filter_nid config1:32-47 mask:32-47
90 [139681217390464] INFO perfrun.perfcollector <> - format: filter_opc config1:52-60 mask:52-60
90 [139681217390464] INFO perfrun.perfcollector <> - format: filter_tid config1:0-5 mask:0-5
90 [139681217390464] INFO perfrun.perfcollector <> - format: tid_en config:19 mask:19
90 [139681217390464] INFO perfrun.perfcollector <> - format: thresh config:24-31 mask:24-31
91 [139681217390464] INFO perfrun.perfcollector <> - format: filter_state config1:17-23 mask:17-23
91 [139681217390464] WARN perfrun.perfcollector <> - pmu hwInfo is not set, at file: vcs/perfrun1/plugins/perfcollector/src/controller.cpp:672
91 [139681217390464] INFO perfrun.perfcollector <> - pmu added : family : uncore_cbox , id : 7
91 [139681217390464] INFO perfrun.perfcollector <> - dir found : /sys/bus/event_source/devices/uncore_cbox_8
91 [139681217390464] INFO perfrun.perfcollector <> - format: edge config:18 mask:18
91 [139681217390464] INFO perfrun.perfcollector <> - format: event config:0-7 mask:0-7
91 [139681217390464] INFO perfrun.perfcollector <> - format: umask config:8-15 mask:8-15
91 [139681217390464] INFO perfrun.perfcollector <> - format: filter_c6 config1:61 mask:61
91 [139681217390464] INFO perfrun.perfcollector <> - format: filter_nc config1:62 mask:62
91 [139681217390464] INFO perfrun.perfcollector <> - format: filter_isoc config1:63 mask:63
92 [139681217390464] INFO perfrun.perfcollector <> - format: filter_link config1:6-8 mask:6-8
92 [139681217390464] INFO perfrun.perfcollector <> - format: filter_nid config1:32-47 mask:32-47
92 [139681217390464] INFO perfrun.perfcollector <> - format: filter_opc config1:52-60 mask:52-60
92 [139681217390464] INFO perfrun.perfcollector <> - format: filter_tid config1:0-5 mask:0-5
92 [139681217390464] INFO perfrun.perfcollector <> - format: tid_en config:19 mask:19
92 [139681217390464] INFO perfrun.perfcollector <> - format: thresh config:24-31 mask:24-31
92 [139681217390464] INFO perfrun.perfcollector <> - format: filter_state config1:17-23 mask:17-23
92 [139681217390464] WARN perfrun.perfcollector <> - pmu hwInfo is not set, at file: vcs/perfrun1/plugins/perfcollector/src/controller.cpp:672
93 [139681217390464] INFO perfrun.perfcollector <> - pmu added : family : uncore_cbox , id : 8
93 [139681217390464] INFO perfrun.perfcollector <> - dir found : /sys/bus/event_source/devices/uncore_cbox_9
93 [139681217390464] INFO perfrun.perfcollector <> - format: edge config:18 mask:18
93 [139681217390464] INFO perfrun.perfcollector <> - format: event config:0-7 mask:0-7
93 [139681217390464] INFO perfrun.perfcollector <> - format: umask config:8-15 mask:8-15
93 [139681217390464] INFO perfrun.perfcollector <> - format: filter_c6 config1:61 mask:61
93 [139681217390464] INFO perfrun.perfcollector <> - format: filter_nc config1:62 mask:62
94 [139681217390464] INFO perfrun.perfcollector <> - format: filter_isoc config1:63 mask:63
94 [139681217390464] INFO perfrun.perfcollector <> - format: filter_link config1:6-8 mask:6-8
94 [139681217390464] INFO perfrun.perfcollector <> - format: filter_nid config1:32-47 mask:32-47
94 [139681217390464] INFO perfrun.perfcollector <> - format: filter_opc config1:52-60 mask:52-60
94 [139681217390464] INFO perfrun.perfcollector <> - format: filter_tid config1:0-5 mask:0-5
94 [139681217390464] INFO perfrun.perfcollector <> - format: tid_en config:19 mask:19
94 [139681217390464] INFO perfrun.perfcollector <> - format: thresh config:24-31 mask:24-31
95 [139681217390464] INFO perfrun.perfcollector <> - format: filter_state config1:17-23 mask:17-23
95 [139681217390464] WARN perfrun.perfcollector <> - pmu hwInfo is not set, at file: vcs/perfrun1/plugins/perfcollector/src/controller.cpp:672
95 [139681217390464] INFO perfrun.perfcollector <> - pmu added : family : uncore_cbox , id : 9
95 [139681217390464] INFO perfrun.perfcollector <> - dir found : /sys/bus/event_source/devices/kprobe
95 [139681217390464] INFO perfrun.perfcollector <> - format: retprobe config:0 mask:0
95 [139681217390464] WARN perfrun.perfcollector <> - pmu hwInfo is not set, at file: vcs/perfrun1/plugins/perfcollector/src/controller.cpp:672
95 [139681217390464] INFO perfrun.perfcollector <> - pmu added : family : kprobe , id : 0
95 [139681217390464] INFO perfrun.perfcollector <> - dir found : /sys/bus/event_source/devices/uncore_r2pcie
95 [139681217390464] INFO perfrun.perfcollector <> - format: inv config:23 mask:23
96 [139681217390464] INFO perfrun.perfcollector <> - format: edge config:18 mask:18
96 [139681217390464] INFO perfrun.perfcollector <> - format: event config:0-7 mask:0-7
96 [139681217390464] INFO perfrun.perfcollector <> - format: umask config:8-15 mask:8-15
96 [139681217390464] INFO perfrun.perfcollector <> - format: thresh config:24-31 mask:24-31
96 [139681217390464] WARN perfrun.perfcollector <> - pmu hwInfo is not set, at file: vcs/perfrun1/plugins/perfcollector/src/controller.cpp:672
96 [139681217390464] INFO perfrun.perfcollector <> - pmu added : family : uncore_r2pcie , id : 0
96 [139681217390464] INFO perfrun.perfcollector <> - dir found : /sys/bus/event_source/devices/uncore_r3qpi_0
96 [139681217390464] INFO perfrun.perfcollector <> - format: inv config:23 mask:23
97 [139681217390464] INFO perfrun.perfcollector <> - format: edge config:18 mask:18
97 [139681217390464] INFO perfrun.perfcollector <> - format: event config:0-7 mask:0-7
97 [139681217390464] INFO perfrun.perfcollector <> - format: umask config:8-15 mask:8-15
97 [139681217390464] INFO perfrun.perfcollector <> - format: thresh config:24-31 mask:24-31
97 [139681217390464] WARN perfrun.perfcollector <> - pmu hwInfo is not set, at file: vcs/perfrun1/plugins/perfcollector/src/controller.cpp:672
97 [139681217390464] INFO perfrun.perfcollector <> - pmu added : family : uncore_r3qpi , id : 0
97 [139681217390464] INFO perfrun.perfcollector <> - dir found : /sys/bus/event_source/devices/uncore_r3qpi_1
98 [139681217390464] INFO perfrun.perfcollector <> - format: inv config:23 mask:23
98 [139681217390464] INFO perfrun.perfcollector <> - format: edge config:18 mask:18
98 [139681217390464] INFO perfrun.perfcollector <> - format: event config:0-7 mask:0-7
98 [139681217390464] INFO perfrun.perfcollector <> - format: umask config:8-15 mask:8-15
98 [139681217390464] INFO perfrun.perfcollector <> - format: thresh config:24-31 mask:24-31
98 [139681217390464] WARN perfrun.perfcollector <> - pmu hwInfo is not set, at file: vcs/perfrun1/plugins/perfcollector/src/controller.cpp:672
98 [139681217390464] INFO perfrun.perfcollector <> - pmu added : family : uncore_r3qpi , id : 1
98 [139681217390464] INFO perfrun.perfcollector <> - dir found : /sys/bus/event_source/devices/uncore_sbox_0
99 [139681217390464] INFO perfrun.perfcollector <> - format: inv config:23 mask:23
99 [139681217390464] INFO perfrun.perfcollector <> - format: edge config:18 mask:18
99 [139681217390464] INFO perfrun.perfcollector <> - format: event config:0-7 mask:0-7
99 [139681217390464] INFO perfrun.perfcollector <> - format: umask config:8-15 mask:8-15
99 [139681217390464] INFO perfrun.perfcollector <> - format: tid_en config:19 mask:19
99 [139681217390464] INFO perfrun.perfcollector <> - format: thresh config:24-31 mask:24-31
99 [139681217390464] WARN perfrun.perfcollector <> - pmu hwInfo is not set, at file: vcs/perfrun1/plugins/perfcollector/src/controller.cpp:672
99 [139681217390464] INFO perfrun.perfcollector <> - pmu added : family : uncore_sbox , id : 0
99 [139681217390464] INFO perfrun.perfcollector <> - dir found : /sys/bus/event_source/devices/uncore_sbox_1
100 [139681217390464] INFO perfrun.perfcollector <> - format: inv config:23 mask:23
100 [139681217390464] INFO perfrun.perfcollector <> - format: edge config:18 mask:18
100 [139681217390464] INFO perfrun.perfcollector <> - format: event config:0-7 mask:0-7
100 [139681217390464] INFO perfrun.perfcollector <> - format: umask config:8-15 mask:8-15
100 [139681217390464] INFO perfrun.perfcollector <> - format: tid_en config:19 mask:19
100 [139681217390464] INFO perfrun.perfcollector <> - format: thresh config:24-31 mask:24-31
100 [139681217390464] WARN perfrun.perfcollector <> - pmu hwInfo is not set, at file: vcs/perfrun1/plugins/perfcollector/src/controller.cpp:672
100 [139681217390464] INFO perfrun.perfcollector <> - pmu added : family : uncore_sbox , id : 1
100 [139681217390464] INFO perfrun.perfcollector <> - dir found : /sys/bus/event_source/devices/uncore_sbox_2
100 [139681217390464] INFO perfrun.perfcollector <> - format: inv config:23 mask:23
101 [139681217390464] INFO perfrun.perfcollector <> - format: edge config:18 mask:18
101 [139681217390464] INFO perfrun.perfcollector <> - format: event config:0-7 mask:0-7
101 [139681217390464] INFO perfrun.perfcollector <> - format: umask config:8-15 mask:8-15
101 [139681217390464] INFO perfrun.perfcollector <> - format: tid_en config:19 mask:19
101 [139681217390464] INFO perfrun.perfcollector <> - format: thresh config:24-31 mask:24-31
101 [139681217390464] WARN perfrun.perfcollector <> - pmu hwInfo is not set, at file: vcs/perfrun1/plugins/perfcollector/src/controller.cpp:672
101 [139681217390464] INFO perfrun.perfcollector <> - pmu added : family : uncore_sbox , id : 2
101 [139681217390464] INFO perfrun.perfcollector <> - dir found : /sys/bus/event_source/devices/uncore_sbox_3
101 [139681217390464] INFO perfrun.perfcollector <> - format: inv config:23 mask:23
101 [139681217390464] INFO perfrun.perfcollector <> - format: edge config:18 mask:18
102 [139681217390464] INFO perfrun.perfcollector <> - format: event config:0-7 mask:0-7
102 [139681217390464] INFO perfrun.perfcollector <> - format: umask config:8-15 mask:8-15
102 [139681217390464] INFO perfrun.perfcollector <> - format: tid_en config:19 mask:19
102 [139681217390464] INFO perfrun.perfcollector <> - format: thresh config:24-31 mask:24-31
102 [139681217390464] WARN perfrun.perfcollector <> - pmu hwInfo is not set, at file: vcs/perfrun1/plugins/perfcollector/src/controller.cpp:672
102 [139681217390464] INFO perfrun.perfcollector <> - pmu added : family : uncore_sbox , id : 3
102 [139681217390464] INFO perfrun.perfcollector <> - dir found : /sys/bus/event_source/devices/uprobe
102 [139681217390464] INFO perfrun.perfcollector <> - format: retprobe config:0 mask:0
102 [139681217390464] WARN perfrun.perfcollector <> - pmu hwInfo is not set, at file: vcs/perfrun1/plugins/perfcollector/src/controller.cpp:672
102 [139681217390464] INFO perfrun.perfcollector <> - pmu added : family : uprobe , id : 0
102 [139681217390464] INFO perfrun.perfcollector <> - dir found : /sys/bus/event_source/devices/intel_bts
102 [139681217390464] WARN perfrun.perfcollector <> - format subdir doesn't exist, at file: vcs/perfrun1/plugins/perfcollector/src/controller.cpp:593
102 [139681217390464] WARN perfrun.perfcollector <> - pmu hwInfo is not set, at file: vcs/perfrun1/plugins/perfcollector/src/controller.cpp:672
103 [139681217390464] INFO perfrun.perfcollector <> - pmu added : family : intel_bts , id : 0
103 [139681217390464] INFO perfrun.perfcollector <> - dir found : /sys/bus/event_source/devices/breakpoint
103 [139681217390464] WARN perfrun.perfcollector <> - format subdir doesn't exist, at file: vcs/perfrun1/plugins/perfcollector/src/controller.cpp:593
103 [139681217390464] WARN perfrun.perfcollector <> - pmu hwInfo is not set, at file: vcs/perfrun1/plugins/perfcollector/src/controller.cpp:672
103 [139681217390464] INFO perfrun.perfcollector <> - pmu added : family : breakpoint , id : 0
103 [139681217390464] INFO perfrun.perfcollector <> - dir found : /sys/bus/event_source/devices/uncore_ha_0
103 [139681217390464] INFO perfrun.perfcollector <> - format: inv config:23 mask:23
103 [139681217390464] INFO perfrun.perfcollector <> - format: edge config:18 mask:18
103 [139681217390464] INFO perfrun.perfcollector <> - format: event config:0-7 mask:0-7
103 [139681217390464] INFO perfrun.perfcollector <> - format: umask config:8-15 mask:8-15
104 [139681217390464] INFO perfrun.perfcollector <> - format: thresh config:24-31 mask:24-31
104 [139681217390464] WARN perfrun.perfcollector <> - pmu hwInfo is not set, at file: vcs/perfrun1/plugins/perfcollector/src/controller.cpp:672
104 [139681217390464] INFO perfrun.perfcollector <> - pmu added : family : uncore_ha , id : 0
104 [139681217390464] INFO perfrun.perfcollector <> - dir found : /sys/bus/event_source/devices/uncore_ha_1
104 [139681217390464] INFO perfrun.perfcollector <> - format: inv config:23 mask:23
104 [139681217390464] INFO perfrun.perfcollector <> - format: edge config:18 mask:18
104 [139681217390464] INFO perfrun.perfcollector <> - format: event config:0-7 mask:0-7
104 [139681217390464] INFO perfrun.perfcollector <> - format: umask config:8-15 mask:8-15
104 [139681217390464] INFO perfrun.perfcollector <> - format: thresh config:24-31 mask:24-31
104 [139681217390464] WARN perfrun.perfcollector <> - pmu hwInfo is not set, at file: vcs/perfrun1/plugins/perfcollector/src/controller.cpp:672
104 [139681217390464] INFO perfrun.perfcollector <> - pmu added : family : uncore_ha , id : 1
104 [139681217390464] INFO perfrun.perfcollector <> - dir found : /sys/bus/event_source/devices/uncore_ubox
105 [139681217390464] INFO perfrun.perfcollector <> - format: inv config:23 mask:23
105 [139681217390464] INFO perfrun.perfcollector <> - format: edge config:18 mask:18
105 [139681217390464] INFO perfrun.perfcollector <> - format: event config:0-7 mask:0-7
105 [139681217390464] INFO perfrun.perfcollector <> - format: umask config:8-15 mask:8-15
105 [139681217390464] INFO perfrun.perfcollector <> - format: filter_cid config1:5 mask:5
105 [139681217390464] INFO perfrun.perfcollector <> - format: filter_tid config1:0 mask:0
105 [139681217390464] INFO perfrun.perfcollector <> - format: thresh config:24-28 mask:24-28
105 [139681217390464] WARN perfrun.perfcollector <> - pmu hwInfo is not set, at file: vcs/perfrun1/plugins/perfcollector/src/controller.cpp:672
105 [139681217390464] INFO perfrun.perfcollector <> - pmu added : family : uncore_ubox , id : 0
106 [139681217390464] INFO perfrun.launcher <> - plugin perf has been added successfully
106 [139681217390464] INFO perfrun.launcher <> - plugin tpss has been added successfully
106 [139681217390464] INFO perfrun.launcher <> - plugin exprof has been added successfully
106 [139681217390464] INFO perfrun.launcher <> - plugin media has been added successfully
106 [139681217390464] INFO perfrun.launcher <> - plugin cve has been added successfully
106 [139681217390464] INFO perfrun.launcher <> - plugin  has been added successfully
106 [139681217390464] INFO perfrun.launcher <> - plugin  has been added successfully
106 [139681217390464] INFO perfrun.launcher <> - plugin parallelfs has been added successfully
106 [139681217390464] INFO perfrun.launcher <> - plugin power has been added successfully
106 [139681217390464] INFO perfrun.launcher <> - the option was added --interval: Specify an interval of data collection (for example, sampling) in milliseconds.
106 [139681217390464] INFO perfrun.launcher <> - the option was added --follow-child: Profile process with or without children.
107 [139681217390464] INFO perfrun.launcher <> - the option was added --gelding: BADMSG: perfrun1.launcher.plugin_manager::gelding
107 [139681217390464] INFO perfrun.launcher <> - the option was added --time-source: Specify time source for measurement. Possible values: sys - wall clock time; tsc - time stamp counter; ext - time from an external source; auto - auto select accurate time source.
107 [139681217390464] INFO perfrun.launcher <> - the option was added --stack: Enable or disable collection of stacks.
107 [139681217390464] INFO perfrun.launcher <> - the option was added --stack-stitching: Enable or disable the stack stitching algorithm for Intel TBB-based applications.
107 [139681217390464] INFO perfrun.launcher <> - the option was added --type: Specify type of data to be collected. For example, --type cpu:counters,waiting:nostack,io.
107 [139681217390464] INFO perfrun.launcher <> - the option was added --mrte-mode: Specify Java/.NET/other managed runtime collection mode. Possible values: native - collect information only for native code; managed - collect information only for managed code; mixed - collect information for both managed and native code; auto - choose the mode based on binary type.
107 [139681217390464] INFO perfrun.launcher <> - the option was added --mrte-mode-list: List supported Java/.NET/other managed runtime collection modes.
107 [139681217390464] INFO perfrun.launcher <> - the option was added --mrte-type: Specify which managed runtimes to collect. Possible values: java - collect information for Java; dotnet - collect information for .NET; python - collect information for CPython. You can specify several values separated by comma.
107 [139681217390464] INFO perfrun.launcher <> - the option was added --mrte-type-list: List supported Java/.NET/other managed runtime types.
107 [139681217390464] INFO perfrun.launcher <> - the option was added --trace-strategy: Specify how to profile a process tree. <string> can be "<process>:trace:notrace" - profile the process but do not profile its children. Shorthand parameters: t - trace, nt - notrace. For example, "vtunedemo.exe:t:t".
107 [139681217390464] INFO perfrun.launcher <> - the option was added --collector: BADMSG: perfrun1.launcher.plugin_manager::collector
107 [139681217390464] INFO perfrun.launcher <> - the option was added --system-wide: Enable system-wide profiling. This mode may require additional permissions.
107 [139681217390464] INFO perfrun.launcher <> - the option was added --kvm-guest: Enable KVM guest OS profiling.
107 [139681217390464] INFO perfrun.launcher <> - the option was added --kvm-guest-kallsyms: Specify a local path to the /proc/kallsyms file copied from the guest OS for proper symbol resolution.
107 [139681217390464] INFO perfrun.launcher <> - the option was added --kvm-guest-modules: Specify a local path to the /proc/modules file copied from the guest OS for proper symbol resolution.
107 [139681217390464] INFO perfrun.launcher <> - the option was added --dump-vdso: Dump [vdso] to result directory
108 [139681217390464] INFO perfrun.launcher <> - the option was added --bandwidth-limits: Measure bandwidth limits
108 [139681217390464] INFO perfrun.launcher <> - the option was added --acrn-map-info: Collect map info for ACRN
108 [139681217390464] INFO perfrun.launcher <> - the option was added --bandwidth-strategy: Bandwidth limits determination specific properties (example: --bandwidth-strategy array-size=0,duration=500).
108 [139681217390464] INFO perfrun.launcher <> - the option was added --bandwidth-config: List of benchmarks to run.
108 [139681217390464] INFO perfrun.launcher <> - the option was added --system-collector-config: Specify subcollectors. Possible values: all, vdso, container, device-info, none.
108 [139681217390464] INFO perfrun.launcher <> - the option was added --itt-config: Specify a sub-set of ITT API to collect.
108 [139681217390464] INFO perfrun.launcher <> - the option was added --itt-debug: Set pseudo-breakpoint at ITT API collector's start to enable the debugger to attach early.
108 [139681217390464] INFO perfrun.launcher <> - the option was added --ptrace: Ptrace collector.
108 [139681217390464] INFO perfrun.launcher <> - the option was added --target-pid: BADMSG: perfrun1.ptracecollector::target-pid
108 [139681217390464] INFO perfrun.launcher <> - the option was added --ptrace-server-pid: BADMSG: perfrun1.ptracecollector::ptrace-server-pid
108 [139681217390464] INFO perfrun.launcher <> - the option was added --ptrace-trace: BADMSG: perfrun1.ptracecollector::ptrace-trace
108 [139681217390464] INFO perfrun.launcher <> - the option was added --ptrace-time-source: BADMSG: perfrun1.ptracecollector::ptrace-time-source
108 [139681217390464] INFO perfrun.launcher <> - the option was added --ptrace-start-type: BADMSG: perfrun1.ptracecollector::ptrace-start-type
108 [139681217390464] INFO perfrun.launcher <> - the option was added --gpu-config: Specify types of GPU data to be collected. Possible values: preset1, preset2.
109 [139681217390464] INFO perfrun.launcher <> - the option was added --gpu-debug: Enable self-testing of the GPGPU profiling collector.
109 [139681217390464] INFO perfrun.launcher <> - the option was added --custom-collector: Allows to provide arbitrary command line to be run on collection steps.
109 [139681217390464] INFO perfrun.launcher <> - the option was added --stdsrc-config: Specify Standard Sources category tag(s).
109 [139681217390464] INFO perfrun.launcher <> - the option was added --ftrace-config-list: List Linux Ftrace category tag(s).
109 [139681217390464] INFO perfrun.launcher <> - the option was added --ftrace-config: Specify Linux Ftrace category tag(s).
109 [139681217390464] INFO perfrun.launcher <> - the option was added --ftrace-function-groups: Enable tracing of specific groups of functions.
109 [139681217390464] INFO perfrun.launcher <> - the option was added --event-info: BADMSG: perfrun1.stdsrc::event-info
109 [139681217390464] INFO perfrun.launcher <> - the option was added --cpu-list: List supported CPUs.
109 [139681217390464] INFO perfrun.launcher <> - the option was added --target-list: List available targets for performing sampling collection.
109 [139681217390464] INFO perfrun.launcher <> - the option was added --event-value-list: Display event information.
109 [139681217390464] INFO perfrun.launcher <> - the option was added --platform-value-list: Display details of supported platforms.
109 [139681217390464] INFO perfrun.launcher <> - the option was added --uncore-event-list: List uncore events for which a sampling data collection can be performed on this platform.
109 [139681217390464] INFO perfrun.launcher <> - the option was added --modifier-list: Specify the event name <string> for which the modifiers list is requested.
109 [139681217390464] INFO perfrun.launcher <> - the option was added --pmu-list: List supported PMUs.
109 [139681217390464] INFO perfrun.launcher <> - the option was added --os-mode-only: Enable sampling data collection for OS-mode processes only.
109 [139681217390464] INFO perfrun.launcher <> - the option was added --user-mode-only: Enable sampling data collection for user-mode processes only.
110 [139681217390464] INFO perfrun.launcher <> - the option was added --event-config: Perform data collection for the events with <string> configured using the format <event name1>":modifier1=val:modifier2=val/constraint1={:modifier3=val:modifier4=val}...,"<event name2>":... Specify the events(s) to monitor and embed the event names within double quotes("). [:modifier=val] specifies individual event modifiers along with the respective values for a given platform. Note that the modifiers can be generic to an event as well as specific to a constraint (or an event qualifier). The constraint specific special modifiers appear after [/constraint=]. The modifiers can be in decimal or hexadecimal format. Only specific modifiers accept the value as a string. Each event specification is delimited by a comma (,). For a list of supported modifiers and constraints, refer to the documentation.
110 [139681217390464] INFO perfrun.launcher <> - the option was added --chipset-event-config: Perform data collection for the chipset events with <string> configured using the format "<event name1>"...,"<event name2>":... Specify the events(s) to monitor and embed the event names within double quotes(").
110 [139681217390464] INFO perfrun.launcher <> - the option was added --uncore-event-config: Perform uncore data collection in ebc count mode for the events with <string> configured using the format "<event name1>"...,"<event name2>":... Specify the events(s) to monitor and embed the event names within double quotes(").
110 [139681217390464] INFO perfrun.launcher <> - the option was added --count-emon: Enable counting mode and output the data in EMON format.
110 [139681217390464] INFO perfrun.launcher <> - the option was added --event-based-counts: Enable event-based counting mode. During sampling data collection, event counts data is collected for the list of events specified in -event-config option.
110 [139681217390464] INFO perfrun.launcher <> - the option was added --event-mux-tfactor: Specify the event multiplexing tfactor as <integer> to set the length of the interval between interrupts. The larger the tfactor value, the larger the period between interrupts. Currently this option is only available on Intel platforms codenamed Knights Corner.
110 [139681217390464] INFO perfrun.launcher <> - the option was added --full-pebs-capture: Capture full pebs information.
110 [139681217390464] INFO perfrun.launcher <> - the option was added --last-branch-records: Capture Last Branch Records information.
110 [139681217390464] INFO perfrun.launcher <> - the option was added --pmu-type: Specify the targeted PMU name as <string>.
110 [139681217390464] INFO perfrun.launcher <> - the option was added --platform-type: Specify the targeted platform number as <number>.
110 [139681217390464] INFO perfrun.launcher <> - the option was added --p-state-trigger: Specify the name of the trigger event for P-state data as <string>. The default trigger is CPU_CLK_UNHALTED.REF_TSC.
110 [139681217390464] INFO perfrun.launcher <> - the option was added --bts-count: Specify the <integer> number of BTS records collected after each sample or context switch (VTSS++ only).
110 [139681217390464] INFO perfrun.launcher <> - the option was added --cpu-mask: Specify which CPU(s) <string> to collect data on. For example, specify "2-8,10,12-14" to sample only CPUs 2 through 8, 10, and 12 through 14.
110 [139681217390464] INFO perfrun.launcher <> - the option was added --event-mux-alg: Specify the event multiplexing algorithm. Possible values: sequence, timer, trigger.
110 [139681217390464] INFO perfrun.launcher <> - the option was added --event-mux-timeslice: Specify the event multiplexing time slice value as <integer>. The time slice specifies the duration between cycles for each event multiplexing group. The default value is 50 milliseconds. This option is valid only for timer-based event multiplexing. Specify the event multiplexing time slice value as <integer>. The time slice specifies the duration between cycles for each event multiplexing group. The default value is 1 millisecond. This option is valid only for timer-based event multiplexing.
110 [139681217390464] INFO perfrun.launcher <> - the option was added --event-mux-factor: Specify the event multiplexing factor as <integer>. It controls the switching of event multiplexing groups. The default factor is 50. This option is valid only for trigger-based event multiplexing. Specify the event multiplexing factor as <integer>. It controls the switching of event multiplexing groups. The default factor is 1. This option is valid only for trigger-based event multiplexing.
111 [139681217390464] INFO perfrun.launcher <> - the option was added --event-mux-trigger: Specify the name of the trigger event for event multiplexing as <string>. This option is valid only for trigger-based event multiplexing. The default trigger is CPU_CLK_UNHALTED.CORE (or CPU_CLK_UNHALTED.THREAD). BADMSG: perfrun1.vtsspp::event-mux-trigger
111 [139681217390464] INFO perfrun.launcher <> - the option was added --pt-mode: BADMSG: perfrun1.vtsspp::pt-mode
111 [139681217390464] INFO perfrun.launcher <> - the option was added --sample-after-multiplier: Specify the sample after multiplier as <double>. This multiplier modifies the sample after value for all the events specified in -event-config option. The values can range from 0.1 to 100.0. SAV multiplier value
111 [139681217390464] INFO perfrun.launcher <> - the option was added --uncore-sampling-interval: Specify the uncore sampling interval as <integer>. This value set the uncore sampling interval for all the uncore events specified in -event-config option.
111 [139681217390464] INFO perfrun.launcher <> - the option was added --count: Enable counting mode. Enable counting mode
111 [139681217390464] INFO perfrun.launcher <> - the option was added --trace-mpi: Configure collector to trace MPI code.
111 [139681217390464] INFO perfrun.launcher <> - the option was added --raw-perf-config: Specify a verified configuration for the Perf collector in the format: <describer>,<content>. For example: map-events-file,<path_to_map_events_file>.
111 [139681217390464] INFO perfrun.launcher <> - the option was added --sys-config: BADMSG: perfrun1.vtsspp::sys-config Specify types of system data to be collected. Supported value: cswitch - collect context switch information.
111 [139681217390464] INFO perfrun.launcher <> - the option was added --perf-event-config: Specify events for Perf collector in Perf format. For example: perf-event-config=cpu-clock.
111 [139681217390464] INFO perfrun.launcher <> - the option was added --perf-aio: Number of control blocks in asynchronous trace writing mode.
111 [139681217390464] INFO perfrun.launcher <> - the option was added --perf-compression: Specify compression of Perf collector output data. Possible levels: 0 - without compression, 1..3 - best speed, 4..22 - best compression that incurs big overhead.
111 [139681217390464] INFO perfrun.launcher <> - the option was added --perf-min-mmap-read: Minimum data size read from the kernel mapped region.
111 [139681217390464] INFO perfrun.launcher <> - the option was added --perf-affinity: Adjust an affinity mask of the Perf thread to a node with an allocated memory trace buffer.
111 [139681217390464] INFO perfrun.launcher <> - the option was added --stackwalk: Specify stack unwinding method. Possible values: online - unwind stacks during collection; offline - unwind stacks after collection is finished. Specify stack unwinding method. Possible value: lbr - unwind stacks during collection. Specify stack unwinding method. Possible values: online - unwind stacks during collection; offline - unwind stacks after collection is finished; lbr - enable LBR-based call stack collection. Specify stack unwinding method. Possible values: online - unwind stacks during collection; offline - unwind stacks after collection is finished. Specify stack unwinding method. Possible values: online - unwind stacks during collection; offline - unwind stacks after collection is finished.
111 [139681217390464] INFO perfrun.launcher <> - the option was added --filter-include: Filter data during collection. Possible values: contended=<on|off> - filter out uncontended events; contended_nostack=<time> - filter out stacks for contended events that take less than <time> microseconds; wait=<time> - ignore transitions and blocks with wait time less than <time> microseconds; wait_nostack=<time> - filter out stacks for waits that take less than <time> microseconds.
112 [139681217390464] INFO perfrun.launcher <> - the option was added --debug-pin: Debug PIN tool and runtime.
112 [139681217390464] INFO perfrun.launcher <> - the option was added --debug-exception: Disallow the application to set own abnormal termination handler.
112 [139681217390464] INFO perfrun.launcher <> - the option was added --trace-type: Specify the trace file granularity. Possible values: per-thread - per-thread trace file generation; per-process - per-process trace file generation.
112 [139681217390464] INFO perfrun.launcher <> - the option was added --instrumentation-type: Specify type of instrumentation.
112 [139681217390464] INFO perfrun.launcher <> - the option was added --altstack: Enable or disable usage of altstacks for profiling signal handlers.
112 [139681217390464] INFO perfrun.launcher <> - the option was added --profiling-signal: BADMSG: perfrun1.ptracecollector::profiling-signal Alternate profiling signal.
112 [139681217390464] INFO perfrun.launcher <> - the option was added --memory-strategy: Specify a minimal memory object size to be traced and a hash table size for faster objects search; for example: --memory-strategy obj-size-min=1024,hash-table-size=4096.
112 [139681217390464] INFO perfrun.launcher <> - the option was added --opencl-trace-mode: Specify OpenCL kernel tracing modes: 'default' to trace OpenCL kernels for Intel Graphics Driver only; 'epoch' for any non-Intel graphics, where OpenCL kernels will be traced and OpenCL profiling API timestamps will be interpreted as Unux Epoch time in nanoseconds; 'completion' to trace OpenCL kernels for any Graphics Driver and bind OpenCL profiling API timestamps to the timestamp of OpenCL completion callback.
112 [139681217390464] INFO perfrun.launcher <> - the option was added --exprof-com-list: List available COM ports.
112 [139681217390464] INFO perfrun.launcher <> - the option was added --exprof-dvc-list: List available DvC IDs.
112 [139681217390464] INFO perfrun.launcher <> - the option was added --exprof-trace-channel: BADMSG: perfrun1.exprof::exprof-trace-channel
112 [139681217390464] INFO perfrun.launcher <> - the option was added --exprof-event-config: Specify ExactProfiling Event Classes.
112 [139681217390464] INFO perfrun.launcher <> - the option was added --parallel-fs-config: Specify parallel fs counters to collect.
112 [139681217390464] INFO perfrun.launcher <> - the option was added --pwr-config: BADMSG: perfrun1.vtsspp::pwr-config Specify power metrics configuration.
112 [139681217390464] INFO perfrun.launcher <> - the option was added --socwatch-dir: Specify a directory where Intel SoC Watch collector is installed.
113 [139681217390464] INFO perfrun.launcher <> - create msngr2::ICliToolContext
114 [139681217390464] INFO perfrun.launcher <> - create file finder object
117 [139681097692928] INFO perfrun.launcher <> - plugin [remoteplug] was disabled because it doesn't support the given collection type.
117 [139681097692928] INFO perfrun.system <> - dumping [vdso] pseudomodule
118 [139681097692928] INFO perfrun.launcher <> - plugin [itt] was disabled because it doesn't support the given collection type.
118 [139681097692928] INFO perfrun.launcher <> - plugin [ptracecollector] was disabled because it doesn't support the given collection type.
118 [139681097692928] INFO perfrun.launcher <> - plugin [gpu] was disabled because it doesn't support the given collection type.
118 [139681097692928] INFO perfrun.launcher <> - plugin [] was disabled because it doesn't support the given collection type.
118 [139681097692928] INFO perfrun.launcher <> - plugin [] was disabled because it doesn't support the given collection type.
118 [139681097692928] INFO perfrun.launcher <> - plugin [] was disabled because it doesn't support the given collection type.
118 [139681097692928] INFO perfrun.launcher <> - plugin [mrte] was disabled because it doesn't support the given collection type.
118 [139681097692928] INFO perfrun.launcher <> - plugin [emon] was disabled because it doesn't support the given collection type.
118 [139681097692928] INFO perfrun.launcher <> - plugin [cuscol] was disabled because it doesn't support the given collection type.
118 [139681097692928] INFO perfrun.launcher <> - plugin [stdsrc] was disabled because it doesn't support the given collection type.
118 [139681097692928] INFO perfrun.launcher <> - plugin [sep] was disabled because it doesn't support the given collection type.
118 [139681097692928] INFO perfrun.launcher <> - plugin [vtsspp] was disabled because it doesn't support the given collection type.
118 [139681097692928] INFO perfrun.launcher <> - plugin [perf] was disabled because it doesn't support the given collection type.
118 [139681097692928] INFO perfrun.launcher <> - plugin [tpss] was disabled because it doesn't support the given collection type.
118 [139681097692928] INFO perfrun.launcher <> - plugin [exprof] was disabled because it doesn't support the given collection type.
118 [139681097692928] INFO perfrun.launcher <> - plugin [media] was disabled because it doesn't support the given collection type.
118 [139681097692928] INFO perfrun.launcher <> - plugin [cve] was disabled because it doesn't support the given collection type.
118 [139681097692928] INFO perfrun.launcher <> - plugin [] was disabled because it doesn't support the given collection type.
118 [139681097692928] INFO perfrun.launcher <> - plugin [] was disabled because it doesn't support the given collection type.
118 [139681097692928] INFO perfrun.launcher <> - plugin [parallelfs] was disabled because it doesn't support the given collection type.
118 [139681097692928] INFO perfrun.launcher <> - plugin [power] was disabled because it doesn't support the given collection type.
118 [139681217390464] INFO perfrun.launcher <> - Application exit code: 0
118 [139681217390464] INFO perfrun.launcher <> - Exit code: 0
